{"E:\\studyRoom\\app.js": {"path":"E:\\studyRoom\\app.js","statementMap":{"0":{"start":{"line":2,"column":16},"end":{"line":2,"column":42}},"1":{"start":{"line":4,"column":15},"end":{"line":4,"column":32}},"2":{"start":{"line":6,"column":19},"end":{"line":6,"column":60}},"3":{"start":{"line":7,"column":16},"end":{"line":7,"column":34}},"4":{"start":{"line":8,"column":13},"end":{"line":8,"column":28}},"5":{"start":{"line":9,"column":22},"end":{"line":9,"column":46}},"6":{"start":{"line":10,"column":20},"end":{"line":10,"column":42}},"7":{"start":{"line":11,"column":12},"end":{"line":11,"column":49}},"8":{"start":{"line":12,"column":0},"end":{"line":12,"column":50}},"9":{"start":{"line":13,"column":23},"end":{"line":13,"column":51}},"10":{"start":{"line":15,"column":12},"end":{"line":15,"column":21}},"11":{"start":{"line":16,"column":13},"end":{"line":16,"column":18}},"12":{"start":{"line":18,"column":20},"end":{"line":18,"column":45}},"13":{"start":{"line":19,"column":20},"end":{"line":19,"column":51}},"14":{"start":{"line":20,"column":20},"end":{"line":20,"column":51}},"15":{"start":{"line":22,"column":10},"end":{"line":22,"column":38}},"16":{"start":{"line":23,"column":16},"end":{"line":23,"column":34}},"17":{"start":{"line":25,"column":0},"end":{"line":25,"column":27}},"18":{"start":{"line":26,"column":0},"end":{"line":26,"column":24}},"19":{"start":{"line":27,"column":0},"end":{"line":27,"column":67}},"20":{"start":{"line":28,"column":0},"end":{"line":34,"column":4}},"21":{"start":{"line":35,"column":0},"end":{"line":35,"column":21}},"22":{"start":{"line":36,"column":0},"end":{"line":36,"column":21}},"23":{"start":{"line":37,"column":0},"end":{"line":37,"column":21}},"24":{"start":{"line":39,"column":0},"end":{"line":42,"column":2}},"25":{"start":{"line":40,"column":4},"end":{"line":40,"column":44}},"26":{"start":{"line":44,"column":0},"end":{"line":46,"column":2}},"27":{"start":{"line":45,"column":4},"end":{"line":45,"column":23}},"28":{"start":{"line":48,"column":0},"end":{"line":50,"column":1}}},"fnMap":{"0":{"name":"(anonymous_0)","decl":{"start":{"line":39,"column":27},"end":{"line":39,"column":28}},"loc":{"start":{"line":39,"column":31},"end":{"line":42,"column":1}},"line":39},"1":{"name":"(anonymous_1)","decl":{"start":{"line":44,"column":28},"end":{"line":44,"column":29}},"loc":{"start":{"line":44,"column":41},"end":{"line":46,"column":1}},"line":44}},"branchMap":{"0":{"loc":{"start":{"line":11,"column":12},"end":{"line":11,"column":49}},"type":"binary-expr","locations":[{"start":{"line":11,"column":12},"end":{"line":11,"column":32}},{"start":{"line":11,"column":36},"end":{"line":11,"column":49}}],"line":11}},"s":{"0":1,"1":1,"2":1,"3":1,"4":1,"5":1,"6":1,"7":1,"8":1,"9":1,"10":1,"11":1,"12":1,"13":1,"14":1,"15":1,"16":1,"17":1,"18":1,"19":1,"20":1,"21":1,"22":1,"23":1,"24":1,"25":1,"26":1,"27":0,"28":1},"f":{"0":1,"1":0},"b":{"0":[1,0]},"_coverageSchema":"1a1c01bbd47fc00a2c39e90264f33305004495a9","hash":"9b1024959029d5e8a238689487579700fef9cca6"}
,"E:\\studyRoom\\Models\\Convention.js": {"path":"E:\\studyRoom\\Models\\Convention.js","statementMap":{"0":{"start":{"line":1,"column":29},"end":{"line":1,"column":57}},"1":{"start":{"line":2,"column":28},"end":{"line":2,"column":53}},"2":{"start":{"line":3,"column":24},"end":{"line":16,"column":1}},"3":{"start":{"line":18,"column":0},"end":{"line":27,"column":1}},"4":{"start":{"line":20,"column":27},"end":{"line":24,"column":9}}},"fnMap":{"0":{"name":"(anonymous_0)","decl":{"start":{"line":19,"column":4},"end":{"line":19,"column":5}},"loc":{"start":{"line":19,"column":35},"end":{"line":26,"column":5}},"line":19}},"branchMap":{},"s":{"0":1,"1":1,"2":1,"3":1,"4":0},"f":{"0":0},"b":{},"_coverageSchema":"1a1c01bbd47fc00a2c39e90264f33305004495a9","hash":"d42b42b0086552d7c6d40fe7774542402b1301d1"}
,"E:\\studyRoom\\Services\\ConventionService.js": {"path":"E:\\studyRoom\\Services\\ConventionService.js","statementMap":{"0":{"start":{"line":1,"column":33},"end":{"line":1,"column":61}},"1":{"start":{"line":2,"column":21},"end":{"line":2,"column":52}},"2":{"start":{"line":3,"column":28},"end":{"line":3,"column":53}},"3":{"start":{"line":4,"column":21},"end":{"line":4,"column":39}},"4":{"start":{"line":5,"column":0},"end":{"line":41,"column":1}},"5":{"start":{"line":7,"column":26},"end":{"line":7,"column":34}},"6":{"start":{"line":8,"column":8},"end":{"line":12,"column":11}},"7":{"start":{"line":13,"column":8},"end":{"line":16,"column":10}},"8":{"start":{"line":19,"column":40},"end":{"line":19,"column":48}},"9":{"start":{"line":20,"column":8},"end":{"line":27,"column":11}},"10":{"start":{"line":28,"column":8},"end":{"line":31,"column":10}},"11":{"start":{"line":34,"column":23},"end":{"line":34,"column":66}},"12":{"start":{"line":35,"column":8},"end":{"line":38,"column":10}}},"fnMap":{"0":{"name":"(anonymous_0)","decl":{"start":{"line":6,"column":4},"end":{"line":6,"column":5}},"loc":{"start":{"line":6,"column":40},"end":{"line":17,"column":5}},"line":6},"1":{"name":"(anonymous_1)","decl":{"start":{"line":18,"column":4},"end":{"line":18,"column":5}},"loc":{"start":{"line":18,"column":39},"end":{"line":32,"column":5}},"line":18},"2":{"name":"(anonymous_2)","decl":{"start":{"line":33,"column":4},"end":{"line":33,"column":5}},"loc":{"start":{"line":33,"column":36},"end":{"line":39,"column":5}},"line":33}},"branchMap":{},"s":{"0":1,"1":1,"2":1,"3":1,"4":1,"5":0,"6":0,"7":0,"8":0,"9":0,"10":0,"11":0,"12":0},"f":{"0":0,"1":0,"2":0},"b":{},"_coverageSchema":"1a1c01bbd47fc00a2c39e90264f33305004495a9","hash":"6ed240b60a9b63305a48c1dd8226772f7bfce815"}
,"E:\\studyRoom\\Services\\LoginService.js": {"path":"E:\\studyRoom\\Services\\LoginService.js","statementMap":{"0":{"start":{"line":1,"column":15},"end":{"line":1,"column":32}},"1":{"start":{"line":2,"column":12},"end":{"line":2,"column":35}},"2":{"start":{"line":3,"column":26},"end":{"line":3,"column":54}},"3":{"start":{"line":5,"column":0},"end":{"line":135,"column":2}},"4":{"start":{"line":7,"column":8},"end":{"line":44,"column":9}},"5":{"start":{"line":9,"column":38},"end":{"line":9,"column":46}},"6":{"start":{"line":12,"column":23},"end":{"line":14,"column":14}},"7":{"start":{"line":18,"column":12},"end":{"line":23,"column":13}},"8":{"start":{"line":19,"column":16},"end":{"line":22,"column":18}},"9":{"start":{"line":24,"column":12},"end":{"line":24,"column":59}},"10":{"start":{"line":26,"column":26},"end":{"line":30,"column":77}},"11":{"start":{"line":33,"column":12},"end":{"line":39,"column":15}},"12":{"start":{"line":42,"column":12},"end":{"line":42,"column":42}},"13":{"start":{"line":43,"column":12},"end":{"line":43,"column":55}},"14":{"start":{"line":47,"column":8},"end":{"line":96,"column":9}},"15":{"start":{"line":49,"column":56},"end":{"line":49,"column":64}},"16":{"start":{"line":52,"column":12},"end":{"line":54,"column":13}},"17":{"start":{"line":53,"column":16},"end":{"line":53,"column":74}},"18":{"start":{"line":57,"column":33},"end":{"line":59,"column":14}},"19":{"start":{"line":60,"column":12},"end":{"line":62,"column":13}},"20":{"start":{"line":61,"column":16},"end":{"line":61,"column":68}},"21":{"start":{"line":65,"column":35},"end":{"line":65,"column":66}},"22":{"start":{"line":67,"column":28},"end":{"line":73,"column":13}},"23":{"start":{"line":76,"column":27},"end":{"line":76,"column":67}},"24":{"start":{"line":78,"column":12},"end":{"line":78,"column":32}},"25":{"start":{"line":80,"column":12},"end":{"line":88,"column":15}},"26":{"start":{"line":91,"column":12},"end":{"line":91,"column":42}},"27":{"start":{"line":92,"column":12},"end":{"line":94,"column":13}},"28":{"start":{"line":93,"column":16},"end":{"line":93,"column":68}},"29":{"start":{"line":95,"column":12},"end":{"line":95,"column":57}},"30":{"start":{"line":99,"column":8},"end":{"line":130,"column":9}},"31":{"start":{"line":101,"column":26},"end":{"line":101,"column":66}},"32":{"start":{"line":102,"column":12},"end":{"line":107,"column":13}},"33":{"start":{"line":103,"column":16},"end":{"line":106,"column":19}},"34":{"start":{"line":110,"column":12},"end":{"line":113,"column":15}},"35":{"start":{"line":116,"column":12},"end":{"line":121,"column":15}},"36":{"start":{"line":124,"column":12},"end":{"line":124,"column":42}},"37":{"start":{"line":125,"column":12},"end":{"line":129,"column":15}}},"fnMap":{"0":{"name":"(anonymous_0)","decl":{"start":{"line":6,"column":4},"end":{"line":6,"column":5}},"loc":{"start":{"line":6,"column":33},"end":{"line":45,"column":5}},"line":6},"1":{"name":"(anonymous_1)","decl":{"start":{"line":46,"column":4},"end":{"line":46,"column":5}},"loc":{"start":{"line":46,"column":33},"end":{"line":97,"column":5}},"line":46},"2":{"name":"(anonymous_2)","decl":{"start":{"line":98,"column":4},"end":{"line":98,"column":5}},"loc":{"start":{"line":98,"column":27},"end":{"line":131,"column":5}},"line":98}},"branchMap":{"0":{"loc":{"start":{"line":18,"column":12},"end":{"line":23,"column":13}},"type":"if","locations":[{"start":{"line":18,"column":12},"end":{"line":23,"column":13}},{"start":{},"end":{}}],"line":18},"1":{"loc":{"start":{"line":30,"column":15},"end":{"line":30,"column":57}},"type":"binary-expr","locations":[{"start":{"line":30,"column":15},"end":{"line":30,"column":37}},{"start":{"line":30,"column":41},"end":{"line":30,"column":57}}],"line":30},"2":{"loc":{"start":{"line":38,"column":21},"end":{"line":38,"column":76}},"type":"cond-expr","locations":[{"start":{"line":38,"column":46},"end":{"line":38,"column":59}},{"start":{"line":38,"column":62},"end":{"line":38,"column":76}}],"line":38},"3":{"loc":{"start":{"line":52,"column":12},"end":{"line":54,"column":13}},"type":"if","locations":[{"start":{"line":52,"column":12},"end":{"line":54,"column":13}},{"start":{},"end":{}}],"line":52},"4":{"loc":{"start":{"line":52,"column":16},"end":{"line":52,"column":58}},"type":"binary-expr","locations":[{"start":{"line":52,"column":16},"end":{"line":52,"column":22}},{"start":{"line":52,"column":26},"end":{"line":52,"column":35}},{"start":{"line":52,"column":39},"end":{"line":52,"column":48}},{"start":{"line":52,"column":52},"end":{"line":52,"column":58}}],"line":52},"5":{"loc":{"start":{"line":60,"column":12},"end":{"line":62,"column":13}},"type":"if","locations":[{"start":{"line":60,"column":12},"end":{"line":62,"column":13}},{"start":{},"end":{}}],"line":60},"6":{"loc":{"start":{"line":92,"column":12},"end":{"line":94,"column":13}},"type":"if","locations":[{"start":{"line":92,"column":12},"end":{"line":94,"column":13}},{"start":{},"end":{}}],"line":92},"7":{"loc":{"start":{"line":102,"column":12},"end":{"line":107,"column":13}},"type":"if","locations":[{"start":{"line":102,"column":12},"end":{"line":107,"column":13}},{"start":{},"end":{}}],"line":102},"8":{"loc":{"start":{"line":128,"column":23},"end":{"line":128,"column":89}},"type":"cond-expr","locations":[{"start":{"line":128,"column":64},"end":{"line":128,"column":77}},{"start":{"line":128,"column":80},"end":{"line":128,"column":89}}],"line":128}},"s":{"0":1,"1":1,"2":1,"3":1,"4":0,"5":0,"6":0,"7":0,"8":0,"9":0,"10":0,"11":0,"12":0,"13":0,"14":0,"15":0,"16":0,"17":0,"18":0,"19":0,"20":0,"21":0,"22":0,"23":0,"24":0,"25":0,"26":0,"27":0,"28":0,"29":0,"30":0,"31":0,"32":0,"33":0,"34":0,"35":0,"36":0,"37":0},"f":{"0":0,"1":0,"2":0},"b":{"0":[0,0],"1":[0,0],"2":[0,0],"3":[0,0],"4":[0,0,0,0],"5":[0,0],"6":[0,0],"7":[0,0],"8":[0,0]},"_coverageSchema":"1a1c01bbd47fc00a2c39e90264f33305004495a9","hash":"3731c170d728d06c640974a4253045afb9b064e6"}
,"E:\\studyRoom\\Services\\ReportService.js": {"path":"E:\\studyRoom\\Services\\ReportService.js","statementMap":{"0":{"start":{"line":1,"column":27},"end":{"line":1,"column":55}},"1":{"start":{"line":2,"column":21},"end":{"line":2,"column":39}},"2":{"start":{"line":3,"column":26},"end":{"line":3,"column":51}},"3":{"start":{"line":4,"column":20},"end":{"line":4,"column":47}},"4":{"start":{"line":5,"column":15},"end":{"line":5,"column":37}},"5":{"start":{"line":6,"column":0},"end":{"line":59,"column":1}},"6":{"start":{"line":8,"column":37},"end":{"line":8,"column":45}},"7":{"start":{"line":9,"column":22},"end":{"line":9,"column":39}},"8":{"start":{"line":10,"column":27},"end":{"line":17,"column":9}},"9":{"start":{"line":18,"column":8},"end":{"line":18,"column":53}},"10":{"start":{"line":19,"column":8},"end":{"line":22,"column":10}},"11":{"start":{"line":25,"column":42},"end":{"line":25,"column":50}},"12":{"start":{"line":26,"column":8},"end":{"line":35,"column":11}},"13":{"start":{"line":36,"column":8},"end":{"line":39,"column":10}},"14":{"start":{"line":42,"column":23},"end":{"line":42,"column":62}},"15":{"start":{"line":43,"column":8},"end":{"line":46,"column":10}},"16":{"start":{"line":49,"column":22},"end":{"line":49,"column":39}},"17":{"start":{"line":50,"column":24},"end":{"line":50,"column":46}},"18":{"start":{"line":51,"column":23},"end":{"line":53,"column":20}},"19":{"start":{"line":54,"column":8},"end":{"line":57,"column":10}}},"fnMap":{"0":{"name":"(anonymous_0)","decl":{"start":{"line":7,"column":4},"end":{"line":7,"column":5}},"loc":{"start":{"line":7,"column":34},"end":{"line":23,"column":5}},"line":7},"1":{"name":"(anonymous_1)","decl":{"start":{"line":24,"column":4},"end":{"line":24,"column":5}},"loc":{"start":{"line":24,"column":41},"end":{"line":40,"column":5}},"line":24},"2":{"name":"(anonymous_2)","decl":{"start":{"line":41,"column":4},"end":{"line":41,"column":5}},"loc":{"start":{"line":41,"column":38},"end":{"line":47,"column":5}},"line":41},"3":{"name":"(anonymous_3)","decl":{"start":{"line":48,"column":4},"end":{"line":48,"column":5}},"loc":{"start":{"line":48,"column":36},"end":{"line":58,"column":5}},"line":48}},"branchMap":{},"s":{"0":1,"1":1,"2":1,"3":1,"4":1,"5":1,"6":0,"7":0,"8":0,"9":0,"10":0,"11":0,"12":0,"13":0,"14":0,"15":0,"16":0,"17":0,"18":0,"19":0},"f":{"0":0,"1":0,"2":0,"3":0},"b":{},"_coverageSchema":"1a1c01bbd47fc00a2c39e90264f33305004495a9","hash":"3e9e400257e1279c1d46bb6032e9c38853fd17ea"}
,"E:\\studyRoom\\Services\\SeatService.js": {"path":"E:\\studyRoom\\Services\\SeatService.js","statementMap":{"0":{"start":{"line":1,"column":20},"end":{"line":1,"column":47}},"1":{"start":{"line":2,"column":57},"end":{"line":2,"column":85}},"2":{"start":{"line":3,"column":17},"end":{"line":3,"column":44}},"3":{"start":{"line":4,"column":19},"end":{"line":4,"column":37}},"4":{"start":{"line":6,"column":0},"end":{"line":194,"column":1}},"5":{"start":{"line":8,"column":37},"end":{"line":8,"column":45}},"6":{"start":{"line":9,"column":22},"end":{"line":9,"column":39}},"7":{"start":{"line":10,"column":24},"end":{"line":10,"column":46}},"8":{"start":{"line":12,"column":8},"end":{"line":16,"column":20}},"9":{"start":{"line":17,"column":8},"end":{"line":22,"column":9}},"10":{"start":{"line":18,"column":12},"end":{"line":21,"column":14}},"11":{"start":{"line":24,"column":8},"end":{"line":28,"column":20}},"12":{"start":{"line":29,"column":8},"end":{"line":34,"column":9}},"13":{"start":{"line":30,"column":12},"end":{"line":33,"column":14}},"14":{"start":{"line":36,"column":8},"end":{"line":42,"column":10}},"15":{"start":{"line":43,"column":8},"end":{"line":46,"column":10}},"16":{"start":{"line":49,"column":22},"end":{"line":49,"column":39}},"17":{"start":{"line":50,"column":24},"end":{"line":50,"column":46}},"18":{"start":{"line":51,"column":26},"end":{"line":51,"column":28}},"19":{"start":{"line":53,"column":8},"end":{"line":95,"column":9}},"20":{"start":{"line":54,"column":12},"end":{"line":56,"column":24}},"21":{"start":{"line":57,"column":12},"end":{"line":85,"column":13}},"22":{"start":{"line":58,"column":16},"end":{"line":84,"column":17}},"23":{"start":{"line":60,"column":20},"end":{"line":82,"column":21}},"24":{"start":{"line":61,"column":24},"end":{"line":70,"column":25}},"25":{"start":{"line":72,"column":24},"end":{"line":81,"column":25}},"26":{"start":{"line":83,"column":20},"end":{"line":83,"column":41}},"27":{"start":{"line":86,"column":12},"end":{"line":89,"column":14}},"28":{"start":{"line":91,"column":12},"end":{"line":94,"column":14}},"29":{"start":{"line":98,"column":25},"end":{"line":98,"column":42}},"30":{"start":{"line":99,"column":8},"end":{"line":99,"column":29}},"31":{"start":{"line":100,"column":8},"end":{"line":125,"column":9}},"32":{"start":{"line":102,"column":12},"end":{"line":105,"column":24}},"33":{"start":{"line":106,"column":12},"end":{"line":118,"column":13}},"34":{"start":{"line":107,"column":16},"end":{"line":111,"column":23}},"35":{"start":{"line":112,"column":16},"end":{"line":115,"column":18}},"36":{"start":{"line":117,"column":16},"end":{"line":117,"column":46}},"37":{"start":{"line":120,"column":12},"end":{"line":120,"column":28}},"38":{"start":{"line":121,"column":12},"end":{"line":124,"column":14}},"39":{"start":{"line":142,"column":37},"end":{"line":142,"column":45}},"40":{"start":{"line":143,"column":8},"end":{"line":172,"column":9}},"41":{"start":{"line":144,"column":26},"end":{"line":148,"column":14}},"42":{"start":{"line":149,"column":12},"end":{"line":151,"column":13}},"43":{"start":{"line":150,"column":16},"end":{"line":150,"column":44}},"44":{"start":{"line":152,"column":25},"end":{"line":154,"column":14}},"45":{"start":{"line":155,"column":12},"end":{"line":157,"column":13}},"46":{"start":{"line":156,"column":16},"end":{"line":156,"column":41}},"47":{"start":{"line":158,"column":12},"end":{"line":164,"column":14}},"48":{"start":{"line":167,"column":12},"end":{"line":167,"column":28}},"49":{"start":{"line":168,"column":12},"end":{"line":171,"column":14}},"50":{"start":{"line":176,"column":8},"end":{"line":191,"column":9}},"51":{"start":{"line":177,"column":27},"end":{"line":177,"column":66}},"52":{"start":{"line":178,"column":12},"end":{"line":185,"column":13}},"53":{"start":{"line":179,"column":16},"end":{"line":182,"column":18}},"54":{"start":{"line":184,"column":16},"end":{"line":184,"column":43}},"55":{"start":{"line":187,"column":12},"end":{"line":190,"column":14}}},"fnMap":{"0":{"name":"(anonymous_0)","decl":{"start":{"line":7,"column":4},"end":{"line":7,"column":5}},"loc":{"start":{"line":7,"column":31},"end":{"line":47,"column":5}},"line":7},"1":{"name":"(anonymous_1)","decl":{"start":{"line":48,"column":4},"end":{"line":48,"column":5}},"loc":{"start":{"line":48,"column":37},"end":{"line":96,"column":5}},"line":48},"2":{"name":"(anonymous_2)","decl":{"start":{"line":97,"column":4},"end":{"line":97,"column":5}},"loc":{"start":{"line":97,"column":32},"end":{"line":126,"column":5}},"line":97},"3":{"name":"(anonymous_3)","decl":{"start":{"line":141,"column":4},"end":{"line":141,"column":5}},"loc":{"start":{"line":141,"column":33},"end":{"line":173,"column":5}},"line":141},"4":{"name":"(anonymous_4)","decl":{"start":{"line":175,"column":4},"end":{"line":175,"column":5}},"loc":{"start":{"line":175,"column":33},"end":{"line":192,"column":5}},"line":175}},"branchMap":{"0":{"loc":{"start":{"line":17,"column":8},"end":{"line":22,"column":9}},"type":"if","locations":[{"start":{"line":17,"column":8},"end":{"line":22,"column":9}},{"start":{},"end":{}}],"line":17},"1":{"loc":{"start":{"line":29,"column":8},"end":{"line":34,"column":9}},"type":"if","locations":[{"start":{"line":29,"column":8},"end":{"line":34,"column":9}},{"start":{},"end":{}}],"line":29},"2":{"loc":{"start":{"line":57,"column":12},"end":{"line":85,"column":13}},"type":"if","locations":[{"start":{"line":57,"column":12},"end":{"line":85,"column":13}},{"start":{},"end":{}}],"line":57},"3":{"loc":{"start":{"line":60,"column":20},"end":{"line":82,"column":21}},"type":"if","locations":[{"start":{"line":60,"column":20},"end":{"line":82,"column":21}},{"start":{"line":71,"column":25},"end":{"line":82,"column":21}}],"line":60},"4":{"loc":{"start":{"line":106,"column":12},"end":{"line":118,"column":13}},"type":"if","locations":[{"start":{"line":106,"column":12},"end":{"line":118,"column":13}},{"start":{"line":116,"column":17},"end":{"line":118,"column":13}}],"line":106},"5":{"loc":{"start":{"line":149,"column":12},"end":{"line":151,"column":13}},"type":"if","locations":[{"start":{"line":149,"column":12},"end":{"line":151,"column":13}},{"start":{},"end":{}}],"line":149},"6":{"loc":{"start":{"line":155,"column":12},"end":{"line":157,"column":13}},"type":"if","locations":[{"start":{"line":155,"column":12},"end":{"line":157,"column":13}},{"start":{},"end":{}}],"line":155},"7":{"loc":{"start":{"line":178,"column":12},"end":{"line":185,"column":13}},"type":"if","locations":[{"start":{"line":178,"column":12},"end":{"line":185,"column":13}},{"start":{"line":183,"column":17},"end":{"line":185,"column":13}}],"line":178}},"s":{"0":1,"1":1,"2":1,"3":1,"4":1,"5":0,"6":0,"7":0,"8":0,"9":0,"10":0,"11":0,"12":0,"13":0,"14":0,"15":0,"16":1,"17":1,"18":0,"19":0,"20":0,"21":0,"22":0,"23":0,"24":0,"25":0,"26":0,"27":0,"28":0,"29":0,"30":0,"31":0,"32":0,"33":0,"34":0,"35":0,"36":0,"37":0,"38":0,"39":0,"40":0,"41":0,"42":0,"43":0,"44":0,"45":0,"46":0,"47":0,"48":0,"49":0,"50":0,"51":0,"52":0,"53":0,"54":0,"55":0},"f":{"0":0,"1":1,"2":0,"3":0,"4":0},"b":{"0":[0,0],"1":[0,0],"2":[0,0],"3":[0,0],"4":[0,0],"5":[0,0],"6":[0,0],"7":[0,0]},"_coverageSchema":"1a1c01bbd47fc00a2c39e90264f33305004495a9","hash":"93f7520b0418688f933bfe74795875fdd02c6327"}
,"E:\\studyRoom\\Services\\UserInfoService.js": {"path":"E:\\studyRoom\\Services\\UserInfoService.js","statementMap":{"0":{"start":{"line":1,"column":22},"end":{"line":1,"column":49}},"1":{"start":{"line":2,"column":28},"end":{"line":2,"column":56}},"2":{"start":{"line":3,"column":21},"end":{"line":3,"column":39}},"3":{"start":{"line":5,"column":0},"end":{"line":163,"column":2}},"4":{"start":{"line":7,"column":24},"end":{"line":7,"column":58}},"5":{"start":{"line":8,"column":8},"end":{"line":27,"column":9}},"6":{"start":{"line":10,"column":12},"end":{"line":12,"column":15}},"7":{"start":{"line":13,"column":12},"end":{"line":20,"column":13}},"8":{"start":{"line":14,"column":16},"end":{"line":17,"column":19}},"9":{"start":{"line":19,"column":16},"end":{"line":19,"column":50}},"10":{"start":{"line":22,"column":12},"end":{"line":22,"column":29}},"11":{"start":{"line":23,"column":12},"end":{"line":26,"column":15}},"12":{"start":{"line":30,"column":26},"end":{"line":30,"column":34}},"13":{"start":{"line":31,"column":22},"end":{"line":31,"column":39}},"14":{"start":{"line":32,"column":8},"end":{"line":81,"column":9}},"15":{"start":{"line":34,"column":12},"end":{"line":39,"column":13}},"16":{"start":{"line":35,"column":16},"end":{"line":38,"column":19}},"17":{"start":{"line":42,"column":28},"end":{"line":42,"column":50}},"18":{"start":{"line":43,"column":12},"end":{"line":48,"column":13}},"19":{"start":{"line":44,"column":16},"end":{"line":47,"column":19}},"20":{"start":{"line":51,"column":27},"end":{"line":54,"column":13}},"21":{"start":{"line":57,"column":12},"end":{"line":62,"column":13}},"22":{"start":{"line":58,"column":16},"end":{"line":61,"column":19}},"23":{"start":{"line":64,"column":12},"end":{"line":74,"column":13}},"24":{"start":{"line":65,"column":16},"end":{"line":68,"column":19}},"25":{"start":{"line":70,"column":16},"end":{"line":73,"column":19}},"26":{"start":{"line":76,"column":12},"end":{"line":76,"column":29}},"27":{"start":{"line":77,"column":12},"end":{"line":80,"column":15}},"28":{"start":{"line":84,"column":29},"end":{"line":84,"column":46}},"29":{"start":{"line":85,"column":25},"end":{"line":85,"column":39}},"30":{"start":{"line":87,"column":8},"end":{"line":160,"column":9}},"31":{"start":{"line":89,"column":12},"end":{"line":94,"column":13}},"32":{"start":{"line":90,"column":16},"end":{"line":93,"column":19}},"33":{"start":{"line":97,"column":28},"end":{"line":97,"column":57}},"34":{"start":{"line":98,"column":12},"end":{"line":103,"column":13}},"35":{"start":{"line":99,"column":16},"end":{"line":102,"column":19}},"36":{"start":{"line":106,"column":27},"end":{"line":109,"column":13}},"37":{"start":{"line":110,"column":12},"end":{"line":134,"column":13}},"38":{"start":{"line":112,"column":16},"end":{"line":116,"column":19}},"39":{"start":{"line":119,"column":16},"end":{"line":122,"column":19}},"40":{"start":{"line":125,"column":16},"end":{"line":129,"column":19}},"41":{"start":{"line":130,"column":16},"end":{"line":133,"column":19}},"42":{"start":{"line":136,"column":12},"end":{"line":141,"column":13}},"43":{"start":{"line":137,"column":16},"end":{"line":140,"column":19}},"44":{"start":{"line":143,"column":12},"end":{"line":153,"column":13}},"45":{"start":{"line":144,"column":16},"end":{"line":147,"column":19}},"46":{"start":{"line":149,"column":16},"end":{"line":152,"column":19}},"47":{"start":{"line":155,"column":12},"end":{"line":155,"column":29}},"48":{"start":{"line":156,"column":12},"end":{"line":159,"column":15}}},"fnMap":{"0":{"name":"(anonymous_0)","decl":{"start":{"line":6,"column":4},"end":{"line":6,"column":5}},"loc":{"start":{"line":6,"column":32},"end":{"line":28,"column":5}},"line":6},"1":{"name":"(anonymous_1)","decl":{"start":{"line":29,"column":4},"end":{"line":29,"column":5}},"loc":{"start":{"line":29,"column":35},"end":{"line":82,"column":5}},"line":29},"2":{"name":"(anonymous_2)","decl":{"start":{"line":83,"column":4},"end":{"line":83,"column":5}},"loc":{"start":{"line":83,"column":32},"end":{"line":161,"column":5}},"line":83}},"branchMap":{"0":{"loc":{"start":{"line":13,"column":12},"end":{"line":20,"column":13}},"type":"if","locations":[{"start":{"line":13,"column":12},"end":{"line":20,"column":13}},{"start":{"line":18,"column":19},"end":{"line":20,"column":13}}],"line":13},"1":{"loc":{"start":{"line":25,"column":25},"end":{"line":25,"column":61}},"type":"binary-expr","locations":[{"start":{"line":25,"column":25},"end":{"line":25,"column":34}},{"start":{"line":25,"column":38},"end":{"line":25,"column":61}}],"line":25},"2":{"loc":{"start":{"line":34,"column":12},"end":{"line":39,"column":13}},"type":"if","locations":[{"start":{"line":34,"column":12},"end":{"line":39,"column":13}},{"start":{},"end":{}}],"line":34},"3":{"loc":{"start":{"line":34,"column":16},"end":{"line":34,"column":31}},"type":"binary-expr","locations":[{"start":{"line":34,"column":16},"end":{"line":34,"column":22}},{"start":{"line":34,"column":26},"end":{"line":34,"column":31}}],"line":34},"4":{"loc":{"start":{"line":43,"column":12},"end":{"line":48,"column":13}},"type":"if","locations":[{"start":{"line":43,"column":12},"end":{"line":48,"column":13}},{"start":{},"end":{}}],"line":43},"5":{"loc":{"start":{"line":57,"column":12},"end":{"line":62,"column":13}},"type":"if","locations":[{"start":{"line":57,"column":12},"end":{"line":62,"column":13}},{"start":{},"end":{}}],"line":57},"6":{"loc":{"start":{"line":64,"column":12},"end":{"line":74,"column":13}},"type":"if","locations":[{"start":{"line":64,"column":12},"end":{"line":74,"column":13}},{"start":{"line":69,"column":19},"end":{"line":74,"column":13}}],"line":64},"7":{"loc":{"start":{"line":79,"column":25},"end":{"line":79,"column":61}},"type":"binary-expr","locations":[{"start":{"line":79,"column":25},"end":{"line":79,"column":34}},{"start":{"line":79,"column":38},"end":{"line":79,"column":61}}],"line":79},"8":{"loc":{"start":{"line":89,"column":12},"end":{"line":94,"column":13}},"type":"if","locations":[{"start":{"line":89,"column":12},"end":{"line":94,"column":13}},{"start":{},"end":{}}],"line":89},"9":{"loc":{"start":{"line":98,"column":12},"end":{"line":103,"column":13}},"type":"if","locations":[{"start":{"line":98,"column":12},"end":{"line":103,"column":13}},{"start":{},"end":{}}],"line":98},"10":{"loc":{"start":{"line":110,"column":12},"end":{"line":134,"column":13}},"type":"if","locations":[{"start":{"line":110,"column":12},"end":{"line":134,"column":13}},{"start":{"line":123,"column":19},"end":{"line":134,"column":13}}],"line":110},"11":{"loc":{"start":{"line":136,"column":12},"end":{"line":141,"column":13}},"type":"if","locations":[{"start":{"line":136,"column":12},"end":{"line":141,"column":13}},{"start":{},"end":{}}],"line":136},"12":{"loc":{"start":{"line":143,"column":12},"end":{"line":153,"column":13}},"type":"if","locations":[{"start":{"line":143,"column":12},"end":{"line":153,"column":13}},{"start":{"line":148,"column":19},"end":{"line":153,"column":13}}],"line":143},"13":{"loc":{"start":{"line":158,"column":25},"end":{"line":158,"column":61}},"type":"binary-expr","locations":[{"start":{"line":158,"column":25},"end":{"line":158,"column":34}},{"start":{"line":158,"column":38},"end":{"line":158,"column":61}}],"line":158}},"s":{"0":1,"1":1,"2":1,"3":1,"4":0,"5":0,"6":0,"7":0,"8":0,"9":0,"10":0,"11":0,"12":0,"13":0,"14":0,"15":0,"16":0,"17":0,"18":0,"19":0,"20":0,"21":0,"22":0,"23":0,"24":0,"25":0,"26":0,"27":0,"28":0,"29":0,"30":0,"31":0,"32":0,"33":0,"34":0,"35":0,"36":0,"37":0,"38":0,"39":0,"40":0,"41":0,"42":0,"43":0,"44":0,"45":0,"46":0,"47":0,"48":0},"f":{"0":0,"1":0,"2":0},"b":{"0":[0,0],"1":[0,0],"2":[0,0],"3":[0,0],"4":[0,0],"5":[0,0],"6":[0,0],"7":[0,0],"8":[0,0],"9":[0,0],"10":[0,0],"11":[0,0],"12":[0,0],"13":[0,0]},"_coverageSchema":"1a1c01bbd47fc00a2c39e90264f33305004495a9","hash":"6d51d70680fa06008afea8e86c793ce6f3bd7365"}
,"E:\\studyRoom\\Tool\\MyDate.js": {"path":"E:\\studyRoom\\Tool\\MyDate.js","statementMap":{"0":{"start":{"line":1,"column":14},"end":{"line":1,"column":30}},"1":{"start":{"line":2,"column":12},"end":{"line":2,"column":39}},"2":{"start":{"line":9,"column":16},"end":{"line":9,"column":26}},"3":{"start":{"line":11,"column":16},"end":{"line":11,"column":69}},"4":{"start":{"line":12,"column":22},"end":{"line":12,"column":58}},"5":{"start":{"line":15,"column":18},"end":{"line":15,"column":47}},"6":{"start":{"line":16,"column":21},"end":{"line":16,"column":72}},"7":{"start":{"line":19,"column":4},"end":{"line":22,"column":5}},"8":{"start":{"line":26,"column":16},"end":{"line":26,"column":26}},"9":{"start":{"line":27,"column":16},"end":{"line":27,"column":69}},"10":{"start":{"line":28,"column":22},"end":{"line":28,"column":58}},"11":{"start":{"line":29,"column":4},"end":{"line":29,"column":49}},"12":{"start":{"line":32,"column":18},"end":{"line":32,"column":39}},"13":{"start":{"line":33,"column":18},"end":{"line":33,"column":39}},"14":{"start":{"line":34,"column":4},"end":{"line":40,"column":5}},"15":{"start":{"line":35,"column":8},"end":{"line":35,"column":17}},"16":{"start":{"line":36,"column":11},"end":{"line":40,"column":5}},"17":{"start":{"line":37,"column":8},"end":{"line":37,"column":18}},"18":{"start":{"line":39,"column":8},"end":{"line":39,"column":17}},"19":{"start":{"line":44,"column":17},"end":{"line":44,"column":27}},"20":{"start":{"line":45,"column":19},"end":{"line":45,"column":20}},"21":{"start":{"line":46,"column":20},"end":{"line":46,"column":71}},"22":{"start":{"line":47,"column":22},"end":{"line":47,"column":60}},"23":{"start":{"line":48,"column":4},"end":{"line":48,"column":21}},"24":{"start":{"line":52,"column":0},"end":{"line":57,"column":1}}},"fnMap":{"0":{"name":"TodayAndTomorrow","decl":{"start":{"line":8,"column":9},"end":{"line":8,"column":25}},"loc":{"start":{"line":8,"column":28},"end":{"line":23,"column":1}},"line":8},"1":{"name":"NowYYMMDDString","decl":{"start":{"line":25,"column":9},"end":{"line":25,"column":24}},"loc":{"start":{"line":25,"column":28},"end":{"line":30,"column":1}},"line":25},"2":{"name":"CompareDate","decl":{"start":{"line":31,"column":9},"end":{"line":31,"column":20}},"loc":{"start":{"line":31,"column":47},"end":{"line":42,"column":1}},"line":31},"3":{"name":"GetChinaDate","decl":{"start":{"line":43,"column":9},"end":{"line":43,"column":21}},"loc":{"start":{"line":43,"column":24},"end":{"line":49,"column":1}},"line":43}},"branchMap":{"0":{"loc":{"start":{"line":34,"column":4},"end":{"line":40,"column":5}},"type":"if","locations":[{"start":{"line":34,"column":4},"end":{"line":40,"column":5}},{"start":{"line":36,"column":11},"end":{"line":40,"column":5}}],"line":34},"1":{"loc":{"start":{"line":36,"column":11},"end":{"line":40,"column":5}},"type":"if","locations":[{"start":{"line":36,"column":11},"end":{"line":40,"column":5}},{"start":{"line":38,"column":11},"end":{"line":40,"column":5}}],"line":36}},"s":{"0":1,"1":1,"2":0,"3":0,"4":0,"5":0,"6":0,"7":0,"8":1,"9":1,"10":1,"11":1,"12":2,"13":2,"14":2,"15":0,"16":2,"17":1,"18":1,"19":0,"20":0,"21":0,"22":0,"23":0,"24":1},"f":{"0":0,"1":1,"2":2,"3":0},"b":{"0":[0,2],"1":[1,1]},"_coverageSchema":"1a1c01bbd47fc00a2c39e90264f33305004495a9","hash":"76606cc29f2561fbb469ebdecfeb2ffcc6a7543b"}
,"E:\\studyRoom\\Tool\\UserTool.js": {"path":"E:\\studyRoom\\Tool\\UserTool.js","statementMap":{"0":{"start":{"line":1,"column":29},"end":{"line":1,"column":57}},"1":{"start":{"line":3,"column":18},"end":{"line":7,"column":1}},"2":{"start":{"line":4,"column":27},"end":{"line":4,"column":52}},"3":{"start":{"line":5,"column":19},"end":{"line":5,"column":62}},"4":{"start":{"line":6,"column":4},"end":{"line":6,"column":22}},"5":{"start":{"line":9,"column":0},"end":{"line":17,"column":1}},"6":{"start":{"line":12,"column":21},"end":{"line":12,"column":39}},"7":{"start":{"line":13,"column":21},"end":{"line":13,"column":74}},"8":{"start":{"line":14,"column":26},"end":{"line":14,"column":61}},"9":{"start":{"line":15,"column":8},"end":{"line":15,"column":53}}},"fnMap":{"0":{"name":"(anonymous_0)","decl":{"start":{"line":3,"column":18},"end":{"line":3,"column":19}},"loc":{"start":{"line":3,"column":35},"end":{"line":7,"column":1}},"line":3},"1":{"name":"(anonymous_1)","decl":{"start":{"line":11,"column":4},"end":{"line":11,"column":5}},"loc":{"start":{"line":11,"column":36},"end":{"line":16,"column":5}},"line":11}},"branchMap":{},"s":{"0":1,"1":1,"2":1,"3":1,"4":1,"5":1,"6":0,"7":0,"8":0,"9":0},"f":{"0":1,"1":0},"b":{},"_coverageSchema":"1a1c01bbd47fc00a2c39e90264f33305004495a9","hash":"583b0270f5b9333a7ee98f1587c0ef0c230491b3"}
,"E:\\studyRoom\\checkPermission\\index.js": {"path":"E:\\studyRoom\\checkPermission\\index.js","statementMap":{"0":{"start":{"line":1,"column":21},"end":{"line":1,"column":50}},"1":{"start":{"line":3,"column":22},"end":{"line":20,"column":1}},"2":{"start":{"line":4,"column":23},"end":{"line":4,"column":43}},"3":{"start":{"line":5,"column":4},"end":{"line":19,"column":5}},"4":{"start":{"line":6,"column":25},"end":{"line":11,"column":9}},"5":{"start":{"line":12,"column":23},"end":{"line":12,"column":67}},"6":{"start":{"line":13,"column":8},"end":{"line":15,"column":9}},"7":{"start":{"line":14,"column":12},"end":{"line":14,"column":45}},"8":{"start":{"line":16,"column":8},"end":{"line":16,"column":27}},"9":{"start":{"line":18,"column":8},"end":{"line":18,"column":32}},"10":{"start":{"line":21,"column":34},"end":{"line":39,"column":1}},"11":{"start":{"line":22,"column":23},"end":{"line":22,"column":43}},"12":{"start":{"line":23,"column":4},"end":{"line":38,"column":5}},"13":{"start":{"line":24,"column":25},"end":{"line":30,"column":9}},"14":{"start":{"line":31,"column":22},"end":{"line":31,"column":66}},"15":{"start":{"line":32,"column":8},"end":{"line":34,"column":9}},"16":{"start":{"line":33,"column":12},"end":{"line":33,"column":23}},"17":{"start":{"line":35,"column":8},"end":{"line":35,"column":37}},"18":{"start":{"line":37,"column":8},"end":{"line":37,"column":32}},"19":{"start":{"line":41,"column":0},"end":{"line":44,"column":1}}},"fnMap":{"0":{"name":"(anonymous_0)","decl":{"start":{"line":3,"column":22},"end":{"line":3,"column":23}},"loc":{"start":{"line":3,"column":41},"end":{"line":20,"column":1}},"line":3},"1":{"name":"(anonymous_1)","decl":{"start":{"line":21,"column":34},"end":{"line":21,"column":35}},"loc":{"start":{"line":21,"column":71},"end":{"line":39,"column":1}},"line":21}},"branchMap":{"0":{"loc":{"start":{"line":13,"column":8},"end":{"line":15,"column":9}},"type":"if","locations":[{"start":{"line":13,"column":8},"end":{"line":15,"column":9}},{"start":{},"end":{}}],"line":13},"1":{"loc":{"start":{"line":32,"column":8},"end":{"line":34,"column":9}},"type":"if","locations":[{"start":{"line":32,"column":8},"end":{"line":34,"column":9}},{"start":{},"end":{}}],"line":32}},"s":{"0":1,"1":1,"2":0,"3":0,"4":0,"5":0,"6":0,"7":0,"8":0,"9":0,"10":1,"11":0,"12":0,"13":0,"14":0,"15":0,"16":0,"17":0,"18":0,"19":1},"f":{"0":0,"1":0},"b":{"0":[0,0],"1":[0,0]},"_coverageSchema":"1a1c01bbd47fc00a2c39e90264f33305004495a9","hash":"a287bfe119faaf261bf6c4e1a03364307b0d3964"}
,"E:\\studyRoom\\config\\database.js": {"path":"E:\\studyRoom\\config\\database.js","statementMap":{"0":{"start":{"line":1,"column":14},"end":{"line":1,"column":31}},"1":{"start":{"line":4,"column":0},"end":{"line":9,"column":2}},"2":{"start":{"line":12,"column":0},"end":{"line":20,"column":3}},"3":{"start":{"line":13,"column":4},"end":{"line":19,"column":7}},"4":{"start":{"line":14,"column":8},"end":{"line":16,"column":9}},"5":{"start":{"line":15,"column":12},"end":{"line":15,"column":78}},"6":{"start":{"line":17,"column":8},"end":{"line":17,"column":47}},"7":{"start":{"line":18,"column":8},"end":{"line":18,"column":24}}},"fnMap":{"0":{"name":"(anonymous_0)","decl":{"start":{"line":12,"column":21},"end":{"line":12,"column":22}},"loc":{"start":{"line":12,"column":27},"end":{"line":20,"column":1}},"line":12},"1":{"name":"(anonymous_1)","decl":{"start":{"line":13,"column":24},"end":{"line":13,"column":25}},"loc":{"start":{"line":13,"column":31},"end":{"line":19,"column":5}},"line":13}},"branchMap":{"0":{"loc":{"start":{"line":14,"column":8},"end":{"line":16,"column":9}},"type":"if","locations":[{"start":{"line":14,"column":8},"end":{"line":16,"column":9}},{"start":{},"end":{}}],"line":14}},"s":{"0":1,"1":1,"2":1,"3":0,"4":0,"5":0,"6":0,"7":0},"f":{"0":0,"1":0},"b":{"0":[0,0]},"_coverageSchema":"1a1c01bbd47fc00a2c39e90264f33305004495a9","hash":"837611c1432de15956b7e6db701ffeb992373642"}
,"E:\\studyRoom\\config\\mongoDB.js": {"path":"E:\\studyRoom\\config\\mongoDB.js","statementMap":{"0":{"start":{"line":1,"column":22},"end":{"line":1,"column":40}},"1":{"start":{"line":2,"column":20},"end":{"line":2,"column":47}},"2":{"start":{"line":3,"column":16},"end":{"line":3,"column":23}},"3":{"start":{"line":5,"column":15},"end":{"line":5,"column":43}},"4":{"start":{"line":6,"column":0},"end":{"line":8,"column":2}},"5":{"start":{"line":7,"column":4},"end":{"line":7,"column":23}},"6":{"start":{"line":10,"column":11},"end":{"line":10,"column":29}},"7":{"start":{"line":11,"column":19},"end":{"line":11,"column":41}},"8":{"start":{"line":12,"column":29},"end":{"line":12,"column":56}},"9":{"start":{"line":13,"column":25},"end":{"line":13,"column":48}},"10":{"start":{"line":14,"column":24},"end":{"line":14,"column":47}},"11":{"start":{"line":15,"column":24},"end":{"line":15,"column":46}},"12":{"start":{"line":16,"column":23},"end":{"line":16,"column":45}},"13":{"start":{"line":17,"column":25},"end":{"line":19,"column":1}},"14":{"start":{"line":18,"column":4},"end":{"line":18,"column":36}},"15":{"start":{"line":20,"column":0},"end":{"line":28,"column":1}}},"fnMap":{"0":{"name":"(anonymous_0)","decl":{"start":{"line":6,"column":22},"end":{"line":6,"column":23}},"loc":{"start":{"line":6,"column":28},"end":{"line":8,"column":1}},"line":6},"1":{"name":"(anonymous_1)","decl":{"start":{"line":17,"column":25},"end":{"line":17,"column":26}},"loc":{"start":{"line":17,"column":41},"end":{"line":19,"column":1}},"line":17}},"branchMap":{},"s":{"0":1,"1":1,"2":1,"3":1,"4":1,"5":1,"6":1,"7":1,"8":1,"9":1,"10":1,"11":1,"12":1,"13":1,"14":10,"15":1},"f":{"0":1,"1":10},"b":{},"_coverageSchema":"1a1c01bbd47fc00a2c39e90264f33305004495a9","hash":"4ee228dfd5234f51fa45fe52435c2972eb62990e"}
,"E:\\studyRoom\\permission\\index.js": {"path":"E:\\studyRoom\\permission\\index.js","statementMap":{"0":{"start":{"line":1,"column":19},"end":{"line":1,"column":77}},"1":{"start":{"line":2,"column":31},"end":{"line":12,"column":1}},"2":{"start":{"line":3,"column":22},"end":{"line":7,"column":5}},"3":{"start":{"line":8,"column":4},"end":{"line":8,"column":42}},"4":{"start":{"line":9,"column":4},"end":{"line":10,"column":55}},"5":{"start":{"line":10,"column":8},"end":{"line":10,"column":55}},"6":{"start":{"line":11,"column":4},"end":{"line":11,"column":15}},"7":{"start":{"line":14,"column":25},"end":{"line":17,"column":1}},"8":{"start":{"line":15,"column":19},"end":{"line":15,"column":65}},"9":{"start":{"line":16,"column":4},"end":{"line":16,"column":29}},"10":{"start":{"line":19,"column":0},"end":{"line":21,"column":1}}},"fnMap":{"0":{"name":"(anonymous_0)","decl":{"start":{"line":2,"column":31},"end":{"line":2,"column":32}},"loc":{"start":{"line":2,"column":48},"end":{"line":12,"column":1}},"line":2},"1":{"name":"(anonymous_1)","decl":{"start":{"line":14,"column":25},"end":{"line":14,"column":26}},"loc":{"start":{"line":14,"column":42},"end":{"line":17,"column":1}},"line":14}},"branchMap":{"0":{"loc":{"start":{"line":9,"column":4},"end":{"line":10,"column":55}},"type":"if","locations":[{"start":{"line":9,"column":4},"end":{"line":10,"column":55}},{"start":{},"end":{}}],"line":9}},"s":{"0":1,"1":1,"2":0,"3":0,"4":0,"5":0,"6":0,"7":1,"8":0,"9":0,"10":1},"f":{"0":0,"1":0},"b":{"0":[0,0]},"_coverageSchema":"1a1c01bbd47fc00a2c39e90264f33305004495a9","hash":"e831eba094fe469ad06965a49d91d7cbc9ed4fe8"}
,"E:\\studyRoom\\router\\AdminRouter.js": {"path":"E:\\studyRoom\\router\\AdminRouter.js","statementMap":{"0":{"start":{"line":1,"column":16},"end":{"line":1,"column":34}},"1":{"start":{"line":2,"column":20},"end":{"line":2,"column":36}},"2":{"start":{"line":3,"column":29},"end":{"line":3,"column":57}},"3":{"start":{"line":4,"column":44},"end":{"line":4,"column":69}},"4":{"start":{"line":5,"column":19},"end":{"line":5,"column":37}},"5":{"start":{"line":9,"column":4},"end":{"line":9,"column":44}},"6":{"start":{"line":10,"column":22},"end":{"line":10,"column":58}},"7":{"start":{"line":11,"column":20},"end":{"line":11,"column":54}},"8":{"start":{"line":13,"column":0},"end":{"line":28,"column":2}},"9":{"start":{"line":14,"column":25},"end":{"line":14,"column":33}},"10":{"start":{"line":15,"column":23},"end":{"line":21,"column":5}},"11":{"start":{"line":22,"column":23},"end":{"line":22,"column":49}},"12":{"start":{"line":23,"column":4},"end":{"line":23,"column":43}},"13":{"start":{"line":24,"column":4},"end":{"line":27,"column":7}},"14":{"start":{"line":30,"column":0},"end":{"line":43,"column":2}},"15":{"start":{"line":31,"column":23},"end":{"line":31,"column":49}},"16":{"start":{"line":32,"column":19},"end":{"line":32,"column":52}},"17":{"start":{"line":33,"column":4},"end":{"line":38,"column":5}},"18":{"start":{"line":34,"column":8},"end":{"line":37,"column":10}},"19":{"start":{"line":39,"column":4},"end":{"line":42,"column":6}},"20":{"start":{"line":45,"column":0},"end":{"line":59,"column":2}},"21":{"start":{"line":46,"column":24},"end":{"line":46,"column":32}},"22":{"start":{"line":47,"column":29},"end":{"line":47,"column":55}},"23":{"start":{"line":48,"column":4},"end":{"line":54,"column":6}},"24":{"start":{"line":55,"column":4},"end":{"line":58,"column":6}},"25":{"start":{"line":61,"column":0},"end":{"line":61,"column":61}},"26":{"start":{"line":63,"column":0},"end":{"line":63,"column":59}},"27":{"start":{"line":65,"column":0},"end":{"line":76,"column":2}},"28":{"start":{"line":67,"column":23},"end":{"line":67,"column":48}},"29":{"start":{"line":68,"column":4},"end":{"line":72,"column":7}},"30":{"start":{"line":73,"column":4},"end":{"line":75,"column":6}},"31":{"start":{"line":78,"column":0},"end":{"line":116,"column":2}},"32":{"start":{"line":79,"column":27},"end":{"line":79,"column":35}},"33":{"start":{"line":80,"column":4},"end":{"line":80,"column":28}},"34":{"start":{"line":81,"column":23},"end":{"line":81,"column":48}},"35":{"start":{"line":82,"column":20},"end":{"line":84,"column":16}},"36":{"start":{"line":85,"column":27},"end":{"line":87,"column":16}},"37":{"start":{"line":88,"column":17},"end":{"line":88,"column":19}},"38":{"start":{"line":90,"column":4},"end":{"line":111,"column":5}},"39":{"start":{"line":91,"column":21},"end":{"line":91,"column":32}},"40":{"start":{"line":92,"column":20},"end":{"line":92,"column":22}},"41":{"start":{"line":93,"column":8},"end":{"line":98,"column":9}},"42":{"start":{"line":94,"column":12},"end":{"line":97,"column":13}},"43":{"start":{"line":95,"column":16},"end":{"line":95,"column":34}},"44":{"start":{"line":96,"column":16},"end":{"line":96,"column":46}},"45":{"start":{"line":99,"column":8},"end":{"line":110,"column":9}},"46":{"start":{"line":100,"column":12},"end":{"line":103,"column":15}},"47":{"start":{"line":104,"column":14},"end":{"line":110,"column":9}},"48":{"start":{"line":105,"column":12},"end":{"line":109,"column":15}},"49":{"start":{"line":112,"column":4},"end":{"line":115,"column":6}},"50":{"start":{"line":118,"column":0},"end":{"line":134,"column":2}},"51":{"start":{"line":119,"column":33},"end":{"line":119,"column":41}},"52":{"start":{"line":120,"column":23},"end":{"line":120,"column":48}},"53":{"start":{"line":121,"column":19},"end":{"line":124,"column":16}},"54":{"start":{"line":125,"column":4},"end":{"line":129,"column":5}},"55":{"start":{"line":126,"column":8},"end":{"line":128,"column":10}},"56":{"start":{"line":130,"column":4},"end":{"line":133,"column":6}},"57":{"start":{"line":136,"column":0},"end":{"line":142,"column":2}},"58":{"start":{"line":137,"column":23},"end":{"line":137,"column":48}},"59":{"start":{"line":138,"column":4},"end":{"line":141,"column":6}},"60":{"start":{"line":144,"column":0},"end":{"line":153,"column":2}},"61":{"start":{"line":145,"column":20},"end":{"line":145,"column":28}},"62":{"start":{"line":146,"column":23},"end":{"line":146,"column":57}},"63":{"start":{"line":147,"column":4},"end":{"line":152,"column":6}},"64":{"start":{"line":155,"column":0},"end":{"line":166,"column":2}},"65":{"start":{"line":156,"column":27},"end":{"line":156,"column":52}},"66":{"start":{"line":157,"column":4},"end":{"line":162,"column":5}},"67":{"start":{"line":157,"column":16},"end":{"line":157,"column":17}},"68":{"start":{"line":158,"column":8},"end":{"line":161,"column":10}},"69":{"start":{"line":163,"column":4},"end":{"line":165,"column":6}},"70":{"start":{"line":168,"column":0},"end":{"line":168,"column":65}},"71":{"start":{"line":170,"column":0},"end":{"line":184,"column":2}},"72":{"start":{"line":171,"column":29},"end":{"line":171,"column":37}},"73":{"start":{"line":172,"column":28},"end":{"line":172,"column":53}},"74":{"start":{"line":173,"column":4},"end":{"line":179,"column":6}},"75":{"start":{"line":180,"column":4},"end":{"line":183,"column":6}},"76":{"start":{"line":186,"column":0},"end":{"line":186,"column":74}},"77":{"start":{"line":188,"column":0},"end":{"line":188,"column":72}},"78":{"start":{"line":190,"column":0},"end":{"line":190,"column":70}},"79":{"start":{"line":192,"column":0},"end":{"line":192,"column":29}}},"fnMap":{"0":{"name":"(anonymous_0)","decl":{"start":{"line":13,"column":37},"end":{"line":13,"column":38}},"loc":{"start":{"line":13,"column":56},"end":{"line":28,"column":1}},"line":13},"1":{"name":"(anonymous_1)","decl":{"start":{"line":30,"column":41},"end":{"line":30,"column":42}},"loc":{"start":{"line":30,"column":60},"end":{"line":43,"column":1}},"line":30},"2":{"name":"(anonymous_2)","decl":{"start":{"line":45,"column":47},"end":{"line":45,"column":48}},"loc":{"start":{"line":45,"column":66},"end":{"line":59,"column":1}},"line":45},"3":{"name":"(anonymous_3)","decl":{"start":{"line":65,"column":39},"end":{"line":65,"column":40}},"loc":{"start":{"line":65,"column":58},"end":{"line":76,"column":1}},"line":65},"4":{"name":"(anonymous_4)","decl":{"start":{"line":78,"column":40},"end":{"line":78,"column":41}},"loc":{"start":{"line":78,"column":59},"end":{"line":116,"column":1}},"line":78},"5":{"name":"(anonymous_5)","decl":{"start":{"line":118,"column":41},"end":{"line":118,"column":42}},"loc":{"start":{"line":118,"column":60},"end":{"line":134,"column":1}},"line":118},"6":{"name":"(anonymous_6)","decl":{"start":{"line":136,"column":40},"end":{"line":136,"column":41}},"loc":{"start":{"line":136,"column":59},"end":{"line":142,"column":1}},"line":136},"7":{"name":"(anonymous_7)","decl":{"start":{"line":144,"column":49},"end":{"line":144,"column":50}},"loc":{"start":{"line":144,"column":68},"end":{"line":153,"column":1}},"line":144},"8":{"name":"(anonymous_8)","decl":{"start":{"line":155,"column":39},"end":{"line":155,"column":40}},"loc":{"start":{"line":155,"column":58},"end":{"line":166,"column":1}},"line":155},"9":{"name":"(anonymous_9)","decl":{"start":{"line":170,"column":45},"end":{"line":170,"column":46}},"loc":{"start":{"line":170,"column":64},"end":{"line":184,"column":1}},"line":170}},"branchMap":{"0":{"loc":{"start":{"line":33,"column":4},"end":{"line":38,"column":5}},"type":"if","locations":[{"start":{"line":33,"column":4},"end":{"line":38,"column":5}},{"start":{},"end":{}}],"line":33},"1":{"loc":{"start":{"line":94,"column":12},"end":{"line":97,"column":13}},"type":"if","locations":[{"start":{"line":94,"column":12},"end":{"line":97,"column":13}},{"start":{},"end":{}}],"line":94},"2":{"loc":{"start":{"line":99,"column":8},"end":{"line":110,"column":9}},"type":"if","locations":[{"start":{"line":99,"column":8},"end":{"line":110,"column":9}},{"start":{"line":104,"column":14},"end":{"line":110,"column":9}}],"line":99},"3":{"loc":{"start":{"line":104,"column":14},"end":{"line":110,"column":9}},"type":"if","locations":[{"start":{"line":104,"column":14},"end":{"line":110,"column":9}},{"start":{},"end":{}}],"line":104},"4":{"loc":{"start":{"line":125,"column":4},"end":{"line":129,"column":5}},"type":"if","locations":[{"start":{"line":125,"column":4},"end":{"line":129,"column":5}},{"start":{},"end":{}}],"line":125}},"s":{"0":1,"1":1,"2":1,"3":1,"4":1,"5":1,"6":1,"7":1,"8":1,"9":0,"10":0,"11":0,"12":0,"13":0,"14":1,"15":0,"16":0,"17":0,"18":0,"19":0,"20":1,"21":0,"22":0,"23":0,"24":0,"25":1,"26":1,"27":1,"28":0,"29":0,"30":0,"31":1,"32":0,"33":0,"34":0,"35":0,"36":0,"37":0,"38":0,"39":0,"40":0,"41":0,"42":0,"43":0,"44":0,"45":0,"46":0,"47":0,"48":0,"49":0,"50":1,"51":0,"52":0,"53":0,"54":0,"55":0,"56":0,"57":1,"58":0,"59":0,"60":1,"61":0,"62":0,"63":0,"64":1,"65":0,"66":0,"67":0,"68":0,"69":0,"70":1,"71":1,"72":0,"73":0,"74":0,"75":0,"76":1,"77":1,"78":1,"79":1},"f":{"0":0,"1":0,"2":0,"3":0,"4":0,"5":0,"6":0,"7":0,"8":0,"9":0},"b":{"0":[0,0],"1":[0,0],"2":[0,0],"3":[0,0],"4":[0,0]},"_coverageSchema":"1a1c01bbd47fc00a2c39e90264f33305004495a9","hash":"5e0a21a8c304b0a5ebc51321cea5d184871094e6"}
,"E:\\studyRoom\\router\\OrderRouter.js": {"path":"E:\\studyRoom\\router\\OrderRouter.js","statementMap":{"0":{"start":{"line":1,"column":16},"end":{"line":1,"column":34}},"1":{"start":{"line":2,"column":56},"end":{"line":2,"column":81}},"2":{"start":{"line":3,"column":24},"end":{"line":3,"column":78}},"3":{"start":{"line":4,"column":39},"end":{"line":4,"column":67}},"4":{"start":{"line":5,"column":26},"end":{"line":5,"column":51}},"5":{"start":{"line":6,"column":20},"end":{"line":6,"column":36}},"6":{"start":{"line":8,"column":0},"end":{"line":10,"column":2}},"7":{"start":{"line":9,"column":4},"end":{"line":9,"column":41}},"8":{"start":{"line":12,"column":0},"end":{"line":32,"column":2}},"9":{"start":{"line":13,"column":19},"end":{"line":13,"column":29}},"10":{"start":{"line":14,"column":4},"end":{"line":14,"column":44}},"11":{"start":{"line":15,"column":25},"end":{"line":15,"column":43}},"12":{"start":{"line":16,"column":4},"end":{"line":16,"column":50}},"13":{"start":{"line":17,"column":19},"end":{"line":29,"column":5}},"14":{"start":{"line":30,"column":4},"end":{"line":30,"column":28}},"15":{"start":{"line":34,"column":0},"end":{"line":37,"column":2}},"16":{"start":{"line":35,"column":25},"end":{"line":35,"column":33}},"17":{"start":{"line":39,"column":0},"end":{"line":61,"column":2}},"18":{"start":{"line":40,"column":31},"end":{"line":40,"column":39}},"19":{"start":{"line":41,"column":18},"end":{"line":41,"column":35}},"20":{"start":{"line":42,"column":23},"end":{"line":42,"column":77}},"21":{"start":{"line":44,"column":4},"end":{"line":51,"column":11}},"22":{"start":{"line":52,"column":19},"end":{"line":59,"column":15}},"23":{"start":{"line":60,"column":4},"end":{"line":60,"column":28}},"24":{"start":{"line":63,"column":0},"end":{"line":66,"column":2}},"25":{"start":{"line":64,"column":20},"end":{"line":64,"column":28}},"26":{"start":{"line":65,"column":4},"end":{"line":65,"column":74}},"27":{"start":{"line":68,"column":0},"end":{"line":98,"column":2}},"28":{"start":{"line":69,"column":19},"end":{"line":69,"column":27}},"29":{"start":{"line":70,"column":18},"end":{"line":84,"column":5}},"30":{"start":{"line":85,"column":21},"end":{"line":85,"column":58}},"31":{"start":{"line":86,"column":4},"end":{"line":96,"column":5}},"32":{"start":{"line":86,"column":16},"end":{"line":86,"column":17}},"33":{"start":{"line":88,"column":8},"end":{"line":95,"column":9}},"34":{"start":{"line":88,"column":20},"end":{"line":88,"column":21}},"35":{"start":{"line":91,"column":12},"end":{"line":94,"column":13}},"36":{"start":{"line":93,"column":16},"end":{"line":93,"column":41}},"37":{"start":{"line":97,"column":4},"end":{"line":97,"column":27}},"38":{"start":{"line":100,"column":0},"end":{"line":111,"column":2}},"39":{"start":{"line":101,"column":19},"end":{"line":101,"column":27}},"40":{"start":{"line":102,"column":23},"end":{"line":102,"column":48}},"41":{"start":{"line":103,"column":4},"end":{"line":106,"column":6}},"42":{"start":{"line":107,"column":4},"end":{"line":110,"column":6}},"43":{"start":{"line":113,"column":0},"end":{"line":131,"column":2}},"44":{"start":{"line":114,"column":23},"end":{"line":114,"column":48}},"45":{"start":{"line":115,"column":19},"end":{"line":115,"column":27}},"46":{"start":{"line":116,"column":19},"end":{"line":116,"column":63}},"47":{"start":{"line":117,"column":20},"end":{"line":117,"column":66}},"48":{"start":{"line":118,"column":15},"end":{"line":118,"column":34}},"49":{"start":{"line":119,"column":17},"end":{"line":119,"column":49}},"50":{"start":{"line":119,"column":36},"end":{"line":119,"column":48}},"51":{"start":{"line":120,"column":15},"end":{"line":120,"column":17}},"52":{"start":{"line":121,"column":4},"end":{"line":125,"column":5}},"53":{"start":{"line":121,"column":16},"end":{"line":121,"column":17}},"54":{"start":{"line":122,"column":8},"end":{"line":124,"column":9}},"55":{"start":{"line":123,"column":12},"end":{"line":123,"column":31}},"56":{"start":{"line":126,"column":4},"end":{"line":129,"column":6}},"57":{"start":{"line":133,"column":0},"end":{"line":169,"column":2}},"58":{"start":{"line":134,"column":48},"end":{"line":134,"column":56}},"59":{"start":{"line":135,"column":18},"end":{"line":135,"column":35}},"60":{"start":{"line":136,"column":27},"end":{"line":136,"column":52}},"61":{"start":{"line":137,"column":32},"end":{"line":137,"column":66}},"62":{"start":{"line":138,"column":4},"end":{"line":142,"column":56}},"63":{"start":{"line":142,"column":19},"end":{"line":142,"column":53}},"64":{"start":{"line":143,"column":4},"end":{"line":147,"column":56}},"65":{"start":{"line":147,"column":19},"end":{"line":147,"column":53}},"66":{"start":{"line":148,"column":4},"end":{"line":155,"column":7}},"67":{"start":{"line":156,"column":19},"end":{"line":163,"column":16}},"68":{"start":{"line":164,"column":4},"end":{"line":168,"column":6}},"69":{"start":{"line":171,"column":0},"end":{"line":180,"column":2}},"70":{"start":{"line":172,"column":18},"end":{"line":172,"column":35}},"71":{"start":{"line":173,"column":23},"end":{"line":173,"column":48}},"72":{"start":{"line":174,"column":19},"end":{"line":174,"column":65}},"73":{"start":{"line":175,"column":4},"end":{"line":179,"column":6}},"74":{"start":{"line":182,"column":0},"end":{"line":204,"column":2}},"75":{"start":{"line":183,"column":27},"end":{"line":183,"column":35}},"76":{"start":{"line":184,"column":18},"end":{"line":184,"column":35}},"77":{"start":{"line":185,"column":33},"end":{"line":185,"column":67}},"78":{"start":{"line":186,"column":29},"end":{"line":186,"column":54}},"79":{"start":{"line":187,"column":4},"end":{"line":193,"column":7}},"80":{"start":{"line":194,"column":4},"end":{"line":198,"column":7}},"81":{"start":{"line":199,"column":4},"end":{"line":202,"column":6}},"82":{"start":{"line":206,"column":0},"end":{"line":206,"column":29}}},"fnMap":{"0":{"name":"(anonymous_0)","decl":{"start":{"line":8,"column":31},"end":{"line":8,"column":32}},"loc":{"start":{"line":8,"column":50},"end":{"line":10,"column":1}},"line":8},"1":{"name":"(anonymous_1)","decl":{"start":{"line":12,"column":48},"end":{"line":12,"column":49}},"loc":{"start":{"line":12,"column":67},"end":{"line":32,"column":1}},"line":12},"2":{"name":"(anonymous_2)","decl":{"start":{"line":34,"column":56},"end":{"line":34,"column":57}},"loc":{"start":{"line":34,"column":74},"end":{"line":37,"column":1}},"line":34},"3":{"name":"(anonymous_3)","decl":{"start":{"line":39,"column":44},"end":{"line":39,"column":45}},"loc":{"start":{"line":39,"column":63},"end":{"line":61,"column":1}},"line":39},"4":{"name":"(anonymous_4)","decl":{"start":{"line":63,"column":47},"end":{"line":63,"column":48}},"loc":{"start":{"line":63,"column":64},"end":{"line":66,"column":1}},"line":63},"5":{"name":"(anonymous_5)","decl":{"start":{"line":68,"column":50},"end":{"line":68,"column":51}},"loc":{"start":{"line":68,"column":69},"end":{"line":98,"column":1}},"line":68},"6":{"name":"(anonymous_6)","decl":{"start":{"line":100,"column":42},"end":{"line":100,"column":43}},"loc":{"start":{"line":100,"column":61},"end":{"line":111,"column":1}},"line":100},"7":{"name":"(anonymous_7)","decl":{"start":{"line":113,"column":40},"end":{"line":113,"column":41}},"loc":{"start":{"line":113,"column":59},"end":{"line":131,"column":1}},"line":113},"8":{"name":"(anonymous_8)","decl":{"start":{"line":119,"column":28},"end":{"line":119,"column":29}},"loc":{"start":{"line":119,"column":36},"end":{"line":119,"column":48}},"line":119},"9":{"name":"(anonymous_9)","decl":{"start":{"line":133,"column":42},"end":{"line":133,"column":43}},"loc":{"start":{"line":133,"column":61},"end":{"line":169,"column":1}},"line":133},"10":{"name":"(anonymous_10)","decl":{"start":{"line":142,"column":12},"end":{"line":142,"column":13}},"loc":{"start":{"line":142,"column":18},"end":{"line":142,"column":54}},"line":142},"11":{"name":"(anonymous_11)","decl":{"start":{"line":147,"column":12},"end":{"line":147,"column":13}},"loc":{"start":{"line":147,"column":18},"end":{"line":147,"column":54}},"line":147},"12":{"name":"(anonymous_12)","decl":{"start":{"line":171,"column":43},"end":{"line":171,"column":44}},"loc":{"start":{"line":171,"column":62},"end":{"line":180,"column":1}},"line":171},"13":{"name":"(anonymous_13)","decl":{"start":{"line":182,"column":43},"end":{"line":182,"column":44}},"loc":{"start":{"line":182,"column":62},"end":{"line":204,"column":1}},"line":182}},"branchMap":{"0":{"loc":{"start":{"line":91,"column":12},"end":{"line":94,"column":13}},"type":"if","locations":[{"start":{"line":91,"column":12},"end":{"line":94,"column":13}},{"start":{},"end":{}}],"line":91},"1":{"loc":{"start":{"line":122,"column":8},"end":{"line":124,"column":9}},"type":"if","locations":[{"start":{"line":122,"column":8},"end":{"line":124,"column":9}},{"start":{},"end":{}}],"line":122}},"s":{"0":1,"1":1,"2":1,"3":1,"4":1,"5":1,"6":1,"7":0,"8":1,"9":0,"10":0,"11":0,"12":0,"13":0,"14":0,"15":1,"16":0,"17":1,"18":0,"19":0,"20":0,"21":0,"22":0,"23":0,"24":1,"25":0,"26":0,"27":1,"28":0,"29":0,"30":0,"31":0,"32":0,"33":0,"34":0,"35":0,"36":0,"37":0,"38":1,"39":0,"40":0,"41":0,"42":0,"43":1,"44":0,"45":0,"46":0,"47":0,"48":0,"49":0,"50":0,"51":0,"52":0,"53":0,"54":0,"55":0,"56":0,"57":1,"58":0,"59":0,"60":0,"61":0,"62":0,"63":0,"64":0,"65":0,"66":0,"67":0,"68":0,"69":1,"70":0,"71":0,"72":0,"73":0,"74":1,"75":0,"76":0,"77":0,"78":0,"79":0,"80":0,"81":0,"82":1},"f":{"0":0,"1":0,"2":0,"3":0,"4":0,"5":0,"6":0,"7":0,"8":0,"9":0,"10":0,"11":0,"12":0,"13":0},"b":{"0":[0,0],"1":[0,0]},"_coverageSchema":"1a1c01bbd47fc00a2c39e90264f33305004495a9","hash":"8df82f356e87a14591eb96375f4d9b3059065f46"}
,"E:\\studyRoom\\router\\index.js": {"path":"E:\\studyRoom\\router\\index.js","statementMap":{"0":{"start":{"line":1,"column":16},"end":{"line":1,"column":34}},"1":{"start":{"line":2,"column":21},"end":{"line":2,"column":39}},"2":{"start":{"line":3,"column":20},"end":{"line":3,"column":36}},"3":{"start":{"line":4,"column":22},"end":{"line":4,"column":58}},"4":{"start":{"line":5,"column":25},"end":{"line":5,"column":65}},"5":{"start":{"line":6,"column":20},"end":{"line":6,"column":54}},"6":{"start":{"line":7,"column":24},"end":{"line":7,"column":62}},"7":{"start":{"line":8,"column":21},"end":{"line":8,"column":56}},"8":{"start":{"line":9,"column":54},"end":{"line":9,"column":97}},"9":{"start":{"line":10,"column":47},"end":{"line":10,"column":72}},"10":{"start":{"line":11,"column":53},"end":{"line":11,"column":88}},"11":{"start":{"line":12,"column":35},"end":{"line":12,"column":60}},"12":{"start":{"line":13,"column":40},"end":{"line":13,"column":69}},"13":{"start":{"line":14,"column":27},"end":{"line":14,"column":85}},"14":{"start":{"line":15,"column":29},"end":{"line":15,"column":57}},"15":{"start":{"line":16,"column":46},"end":{"line":16,"column":86}},"16":{"start":{"line":17,"column":0},"end":{"line":19,"column":58}},"17":{"start":{"line":21,"column":0},"end":{"line":21,"column":57}},"18":{"start":{"line":22,"column":0},"end":{"line":28,"column":2}},"19":{"start":{"line":23,"column":18},"end":{"line":23,"column":35}},"20":{"start":{"line":24,"column":4},"end":{"line":24,"column":36}},"21":{"start":{"line":25,"column":4},"end":{"line":26,"column":80}},"22":{"start":{"line":26,"column":8},"end":{"line":26,"column":80}},"23":{"start":{"line":27,"column":4},"end":{"line":27,"column":69}},"24":{"start":{"line":29,"column":0},"end":{"line":36,"column":2}},"25":{"start":{"line":30,"column":22},"end":{"line":30,"column":43}},"26":{"start":{"line":31,"column":4},"end":{"line":32,"column":66}},"27":{"start":{"line":32,"column":8},"end":{"line":32,"column":66}},"28":{"start":{"line":33,"column":4},"end":{"line":34,"column":68}},"29":{"start":{"line":34,"column":8},"end":{"line":34,"column":68}},"30":{"start":{"line":35,"column":4},"end":{"line":35,"column":50}},"31":{"start":{"line":37,"column":20},"end":{"line":37,"column":45}},"32":{"start":{"line":38,"column":0},"end":{"line":38,"column":59}},"33":{"start":{"line":39,"column":0},"end":{"line":42,"column":2}},"34":{"start":{"line":40,"column":22},"end":{"line":40,"column":30}},"35":{"start":{"line":41,"column":4},"end":{"line":41,"column":26}},"36":{"start":{"line":43,"column":0},"end":{"line":50,"column":2}},"37":{"start":{"line":44,"column":22},"end":{"line":44,"column":30}},"38":{"start":{"line":45,"column":17},"end":{"line":45,"column":21}},"39":{"start":{"line":46,"column":4},"end":{"line":48,"column":6}},"40":{"start":{"line":47,"column":8},"end":{"line":47,"column":18}},"41":{"start":{"line":49,"column":4},"end":{"line":49,"column":23}},"42":{"start":{"line":52,"column":0},"end":{"line":52,"column":62}},"43":{"start":{"line":53,"column":0},"end":{"line":53,"column":50}},"44":{"start":{"line":54,"column":0},"end":{"line":54,"column":48}},"45":{"start":{"line":55,"column":38},"end":{"line":55,"column":70}},"46":{"start":{"line":56,"column":20},"end":{"line":56,"column":46}},"47":{"start":{"line":57,"column":0},"end":{"line":61,"column":2}},"48":{"start":{"line":58,"column":19},"end":{"line":58,"column":27}},"49":{"start":{"line":59,"column":4},"end":{"line":59,"column":42}},"50":{"start":{"line":60,"column":4},"end":{"line":60,"column":19}},"51":{"start":{"line":62,"column":0},"end":{"line":70,"column":2}},"52":{"start":{"line":63,"column":25},"end":{"line":63,"column":33}},"53":{"start":{"line":64,"column":18},"end":{"line":64,"column":35}},"54":{"start":{"line":65,"column":21},"end":{"line":65,"column":57}},"55":{"start":{"line":66,"column":4},"end":{"line":68,"column":5}},"56":{"start":{"line":67,"column":8},"end":{"line":67,"column":40}},"57":{"start":{"line":69,"column":4},"end":{"line":69,"column":23}},"58":{"start":{"line":71,"column":0},"end":{"line":75,"column":2}},"59":{"start":{"line":72,"column":18},"end":{"line":72,"column":35}},"60":{"start":{"line":73,"column":21},"end":{"line":73,"column":52}},"61":{"start":{"line":74,"column":4},"end":{"line":74,"column":23}},"62":{"start":{"line":76,"column":0},"end":{"line":82,"column":2}},"63":{"start":{"line":77,"column":18},"end":{"line":77,"column":35}},"64":{"start":{"line":79,"column":19},"end":{"line":79,"column":59}},"65":{"start":{"line":81,"column":4},"end":{"line":81,"column":21}},"66":{"start":{"line":84,"column":0},"end":{"line":105,"column":2}},"67":{"start":{"line":85,"column":18},"end":{"line":85,"column":35}},"68":{"start":{"line":87,"column":18},"end":{"line":89,"column":16}},"69":{"start":{"line":90,"column":4},"end":{"line":90,"column":26}},"70":{"start":{"line":91,"column":4},"end":{"line":98,"column":5}},"71":{"start":{"line":92,"column":8},"end":{"line":97,"column":10}},"72":{"start":{"line":99,"column":4},"end":{"line":104,"column":6}},"73":{"start":{"line":107,"column":0},"end":{"line":116,"column":2}},"74":{"start":{"line":108,"column":29},"end":{"line":108,"column":55}},"75":{"start":{"line":109,"column":4},"end":{"line":115,"column":6}},"76":{"start":{"line":118,"column":0},"end":{"line":118,"column":63}},"77":{"start":{"line":120,"column":0},"end":{"line":166,"column":2}},"78":{"start":{"line":121,"column":23},"end":{"line":121,"column":25}},"79":{"start":{"line":122,"column":19},"end":{"line":122,"column":27}},"80":{"start":{"line":123,"column":4},"end":{"line":123,"column":21}},"81":{"start":{"line":124,"column":27},"end":{"line":124,"column":52}},"82":{"start":{"line":125,"column":29},"end":{"line":125,"column":55}},"83":{"start":{"line":126,"column":18},"end":{"line":126,"column":55}},"84":{"start":{"line":127,"column":4},"end":{"line":161,"column":5}},"85":{"start":{"line":127,"column":16},"end":{"line":127,"column":17}},"86":{"start":{"line":128,"column":27},"end":{"line":131,"column":9}},"87":{"start":{"line":132,"column":8},"end":{"line":159,"column":9}},"88":{"start":{"line":133,"column":29},"end":{"line":136,"column":13}},"89":{"start":{"line":137,"column":12},"end":{"line":137,"column":37}},"90":{"start":{"line":138,"column":14},"end":{"line":159,"column":9}},"91":{"start":{"line":139,"column":27},"end":{"line":139,"column":76}},"92":{"start":{"line":140,"column":12},"end":{"line":158,"column":13}},"93":{"start":{"line":141,"column":33},"end":{"line":144,"column":17}},"94":{"start":{"line":145,"column":16},"end":{"line":145,"column":41}},"95":{"start":{"line":147,"column":31},"end":{"line":150,"column":17}},"96":{"start":{"line":151,"column":16},"end":{"line":155,"column":17}},"97":{"start":{"line":152,"column":20},"end":{"line":154,"column":21}},"98":{"start":{"line":153,"column":24},"end":{"line":153,"column":47}},"99":{"start":{"line":156,"column":16},"end":{"line":156,"column":41}},"100":{"start":{"line":162,"column":4},"end":{"line":165,"column":6}},"101":{"start":{"line":168,"column":0},"end":{"line":182,"column":2}},"102":{"start":{"line":169,"column":38},"end":{"line":169,"column":46}},"103":{"start":{"line":170,"column":29},"end":{"line":170,"column":55}},"104":{"start":{"line":171,"column":4},"end":{"line":177,"column":6}},"105":{"start":{"line":178,"column":4},"end":{"line":181,"column":6}},"106":{"start":{"line":184,"column":0},"end":{"line":190,"column":2}},"107":{"start":{"line":185,"column":34},"end":{"line":185,"column":59}},"108":{"start":{"line":186,"column":4},"end":{"line":189,"column":6}},"109":{"start":{"line":192,"column":0},"end":{"line":202,"column":2}},"110":{"start":{"line":193,"column":18},"end":{"line":193,"column":35}},"111":{"start":{"line":194,"column":23},"end":{"line":194,"column":57}},"112":{"start":{"line":195,"column":19},"end":{"line":197,"column":16}},"113":{"start":{"line":198,"column":4},"end":{"line":201,"column":6}},"114":{"start":{"line":208,"column":0},"end":{"line":208,"column":76}},"115":{"start":{"line":210,"column":0},"end":{"line":210,"column":70}},"116":{"start":{"line":212,"column":0},"end":{"line":212,"column":105}},"117":{"start":{"line":214,"column":0},"end":{"line":214,"column":61}},"118":{"start":{"line":216,"column":0},"end":{"line":245,"column":3}},"119":{"start":{"line":217,"column":36},"end":{"line":217,"column":44}},"120":{"start":{"line":218,"column":29},"end":{"line":218,"column":55}},"121":{"start":{"line":219,"column":28},"end":{"line":219,"column":53}},"122":{"start":{"line":221,"column":18},"end":{"line":225,"column":6}},"123":{"start":{"line":227,"column":4},"end":{"line":232,"column":5}},"124":{"start":{"line":228,"column":8},"end":{"line":231,"column":11}},"125":{"start":{"line":234,"column":17},"end":{"line":236,"column":6}},"126":{"start":{"line":238,"column":4},"end":{"line":244,"column":7}},"127":{"start":{"line":247,"column":0},"end":{"line":247,"column":68}},"128":{"start":{"line":249,"column":0},"end":{"line":249,"column":78}},"129":{"start":{"line":251,"column":0},"end":{"line":251,"column":70}},"130":{"start":{"line":252,"column":0},"end":{"line":252,"column":28}}},"fnMap":{"0":{"name":"(anonymous_0)","decl":{"start":{"line":22,"column":40},"end":{"line":22,"column":41}},"loc":{"start":{"line":22,"column":59},"end":{"line":28,"column":1}},"line":22},"1":{"name":"(anonymous_1)","decl":{"start":{"line":29,"column":42},"end":{"line":29,"column":43}},"loc":{"start":{"line":29,"column":61},"end":{"line":36,"column":1}},"line":29},"2":{"name":"(anonymous_2)","decl":{"start":{"line":39,"column":40},"end":{"line":39,"column":41}},"loc":{"start":{"line":39,"column":54},"end":{"line":42,"column":1}},"line":39},"3":{"name":"(anonymous_3)","decl":{"start":{"line":43,"column":52},"end":{"line":43,"column":53}},"loc":{"start":{"line":43,"column":72},"end":{"line":50,"column":1}},"line":43},"4":{"name":"(anonymous_4)","decl":{"start":{"line":46,"column":58},"end":{"line":46,"column":59}},"loc":{"start":{"line":46,"column":63},"end":{"line":48,"column":5}},"line":46},"5":{"name":"(anonymous_5)","decl":{"start":{"line":57,"column":39},"end":{"line":57,"column":40}},"loc":{"start":{"line":57,"column":58},"end":{"line":61,"column":1}},"line":57},"6":{"name":"(anonymous_6)","decl":{"start":{"line":62,"column":40},"end":{"line":62,"column":41}},"loc":{"start":{"line":62,"column":59},"end":{"line":70,"column":1}},"line":62},"7":{"name":"(anonymous_7)","decl":{"start":{"line":71,"column":38},"end":{"line":71,"column":39}},"loc":{"start":{"line":71,"column":57},"end":{"line":75,"column":1}},"line":71},"8":{"name":"(anonymous_8)","decl":{"start":{"line":76,"column":44},"end":{"line":76,"column":45}},"loc":{"start":{"line":76,"column":62},"end":{"line":82,"column":1}},"line":76},"9":{"name":"(anonymous_9)","decl":{"start":{"line":84,"column":36},"end":{"line":84,"column":37}},"loc":{"start":{"line":84,"column":55},"end":{"line":105,"column":1}},"line":84},"10":{"name":"(anonymous_10)","decl":{"start":{"line":107,"column":45},"end":{"line":107,"column":46}},"loc":{"start":{"line":107,"column":64},"end":{"line":116,"column":1}},"line":107},"11":{"name":"(anonymous_11)","decl":{"start":{"line":120,"column":36},"end":{"line":120,"column":37}},"loc":{"start":{"line":120,"column":55},"end":{"line":166,"column":1}},"line":120},"12":{"name":"(anonymous_12)","decl":{"start":{"line":168,"column":40},"end":{"line":168,"column":41}},"loc":{"start":{"line":168,"column":59},"end":{"line":182,"column":1}},"line":168},"13":{"name":"(anonymous_13)","decl":{"start":{"line":184,"column":41},"end":{"line":184,"column":42}},"loc":{"start":{"line":184,"column":60},"end":{"line":190,"column":1}},"line":184},"14":{"name":"(anonymous_14)","decl":{"start":{"line":192,"column":40},"end":{"line":192,"column":41}},"loc":{"start":{"line":192,"column":59},"end":{"line":202,"column":1}},"line":192},"15":{"name":"(anonymous_15)","decl":{"start":{"line":216,"column":38},"end":{"line":216,"column":39}},"loc":{"start":{"line":216,"column":58},"end":{"line":245,"column":1}},"line":216}},"branchMap":{"0":{"loc":{"start":{"line":25,"column":4},"end":{"line":26,"column":80}},"type":"if","locations":[{"start":{"line":25,"column":4},"end":{"line":26,"column":80}},{"start":{},"end":{}}],"line":25},"1":{"loc":{"start":{"line":31,"column":4},"end":{"line":32,"column":66}},"type":"if","locations":[{"start":{"line":31,"column":4},"end":{"line":32,"column":66}},{"start":{},"end":{}}],"line":31},"2":{"loc":{"start":{"line":33,"column":4},"end":{"line":34,"column":68}},"type":"if","locations":[{"start":{"line":33,"column":4},"end":{"line":34,"column":68}},{"start":{},"end":{}}],"line":33},"3":{"loc":{"start":{"line":66,"column":4},"end":{"line":68,"column":5}},"type":"if","locations":[{"start":{"line":66,"column":4},"end":{"line":68,"column":5}},{"start":{},"end":{}}],"line":66},"4":{"loc":{"start":{"line":91,"column":4},"end":{"line":98,"column":5}},"type":"if","locations":[{"start":{"line":91,"column":4},"end":{"line":98,"column":5}},{"start":{},"end":{}}],"line":91},"5":{"loc":{"start":{"line":132,"column":8},"end":{"line":159,"column":9}},"type":"if","locations":[{"start":{"line":132,"column":8},"end":{"line":159,"column":9}},{"start":{"line":138,"column":14},"end":{"line":159,"column":9}}],"line":132},"6":{"loc":{"start":{"line":138,"column":14},"end":{"line":159,"column":9}},"type":"if","locations":[{"start":{"line":138,"column":14},"end":{"line":159,"column":9}},{"start":{},"end":{}}],"line":138},"7":{"loc":{"start":{"line":140,"column":12},"end":{"line":158,"column":13}},"type":"if","locations":[{"start":{"line":140,"column":12},"end":{"line":158,"column":13}},{"start":{"line":146,"column":17},"end":{"line":158,"column":13}}],"line":140},"8":{"loc":{"start":{"line":152,"column":20},"end":{"line":154,"column":21}},"type":"if","locations":[{"start":{"line":152,"column":20},"end":{"line":154,"column":21}},{"start":{},"end":{}}],"line":152},"9":{"loc":{"start":{"line":227,"column":4},"end":{"line":232,"column":5}},"type":"if","locations":[{"start":{"line":227,"column":4},"end":{"line":232,"column":5}},{"start":{},"end":{}}],"line":227}},"s":{"0":1,"1":1,"2":1,"3":1,"4":1,"5":1,"6":1,"7":1,"8":1,"9":1,"10":1,"11":1,"12":1,"13":1,"14":1,"15":1,"16":1,"17":1,"18":1,"19":0,"20":0,"21":0,"22":0,"23":0,"24":1,"25":0,"26":0,"27":0,"28":0,"29":0,"30":0,"31":1,"32":1,"33":1,"34":0,"35":0,"36":1,"37":0,"38":0,"39":0,"40":0,"41":0,"42":1,"43":1,"44":1,"45":1,"46":1,"47":1,"48":0,"49":0,"50":0,"51":1,"52":0,"53":0,"54":0,"55":0,"56":0,"57":0,"58":1,"59":0,"60":0,"61":0,"62":1,"63":0,"64":0,"65":0,"66":1,"67":0,"68":0,"69":0,"70":0,"71":0,"72":0,"73":1,"74":0,"75":0,"76":1,"77":1,"78":0,"79":0,"80":0,"81":0,"82":0,"83":0,"84":0,"85":0,"86":0,"87":0,"88":0,"89":0,"90":0,"91":0,"92":0,"93":0,"94":0,"95":0,"96":0,"97":0,"98":0,"99":0,"100":0,"101":1,"102":0,"103":0,"104":0,"105":0,"106":1,"107":0,"108":0,"109":1,"110":0,"111":0,"112":0,"113":0,"114":1,"115":1,"116":1,"117":1,"118":1,"119":0,"120":0,"121":0,"122":0,"123":0,"124":0,"125":0,"126":0,"127":1,"128":1,"129":1,"130":1},"f":{"0":0,"1":0,"2":0,"3":0,"4":0,"5":0,"6":0,"7":0,"8":0,"9":0,"10":0,"11":0,"12":0,"13":0,"14":0,"15":0},"b":{"0":[0,0],"1":[0,0],"2":[0,0],"3":[0,0],"4":[0,0],"5":[0,0],"6":[0,0],"7":[0,0],"8":[0,0],"9":[0,0]},"_coverageSchema":"1a1c01bbd47fc00a2c39e90264f33305004495a9","hash":"42c2af69e87f37d2c7f4870526e5e3e9af1091f7"}
,"E:\\studyRoom\\router\\api\\OrderHistory.js": {"path":"E:\\studyRoom\\router\\api\\OrderHistory.js","statementMap":{"0":{"start":{"line":1,"column":24},"end":{"line":1,"column":81}},"1":{"start":{"line":3,"column":36},"end":{"line":10,"column":1}},"2":{"start":{"line":4,"column":20},"end":{"line":4,"column":71}},"3":{"start":{"line":6,"column":4},"end":{"line":7,"column":56}},"4":{"start":{"line":7,"column":8},"end":{"line":7,"column":56}},"5":{"start":{"line":9,"column":4},"end":{"line":9,"column":41}},"6":{"start":{"line":12,"column":0},"end":{"line":14,"column":1}}},"fnMap":{"0":{"name":"(anonymous_0)","decl":{"start":{"line":3,"column":36},"end":{"line":3,"column":37}},"loc":{"start":{"line":3,"column":53},"end":{"line":10,"column":1}},"line":3}},"branchMap":{"0":{"loc":{"start":{"line":6,"column":4},"end":{"line":7,"column":56}},"type":"if","locations":[{"start":{"line":6,"column":4},"end":{"line":7,"column":56}},{"start":{},"end":{}}],"line":6}},"s":{"0":1,"1":1,"2":0,"3":0,"4":0,"5":0,"6":1},"f":{"0":0},"b":{"0":[0,0]},"_coverageSchema":"1a1c01bbd47fc00a2c39e90264f33305004495a9","hash":"4fb551c1f3beb55e327185b244874fe49aeaab9f"}
,"E:\\studyRoom\\router\\api\\Register.js": {"path":"E:\\studyRoom\\router\\api\\Register.js","statementMap":{"0":{"start":{"line":2,"column":30},"end":{"line":2,"column":61}},"1":{"start":{"line":3,"column":35},"end":{"line":3,"column":62}},"2":{"start":{"line":4,"column":17},"end":{"line":7,"column":1}},"3":{"start":{"line":16,"column":19},"end":{"line":16,"column":44}},"4":{"start":{"line":28,"column":24},"end":{"line":38,"column":1}},"5":{"start":{"line":29,"column":28},"end":{"line":29,"column":53}},"6":{"start":{"line":30,"column":4},"end":{"line":32,"column":5}},"7":{"start":{"line":31,"column":8},"end":{"line":31,"column":54}},"8":{"start":{"line":33,"column":4},"end":{"line":37,"column":5}},"9":{"start":{"line":34,"column":8},"end":{"line":34,"column":64}},"10":{"start":{"line":36,"column":8},"end":{"line":36,"column":57}},"11":{"start":{"line":42,"column":31},"end":{"line":47,"column":1}},"12":{"start":{"line":44,"column":16},"end":{"line":44,"column":62}},"13":{"start":{"line":45,"column":4},"end":{"line":45,"column":26}},"14":{"start":{"line":49,"column":22},"end":{"line":59,"column":1}},"15":{"start":{"line":50,"column":23},"end":{"line":55,"column":5}},"16":{"start":{"line":56,"column":4},"end":{"line":56,"column":43}},"17":{"start":{"line":57,"column":4},"end":{"line":57,"column":40}},"18":{"start":{"line":58,"column":4},"end":{"line":58,"column":47}},"19":{"start":{"line":60,"column":22},"end":{"line":77,"column":1}},"20":{"start":{"line":61,"column":23},"end":{"line":68,"column":5}},"21":{"start":{"line":69,"column":28},"end":{"line":69,"column":53}},"22":{"start":{"line":70,"column":4},"end":{"line":70,"column":48}},"23":{"start":{"line":71,"column":4},"end":{"line":75,"column":5}},"24":{"start":{"line":72,"column":8},"end":{"line":72,"column":20}},"25":{"start":{"line":74,"column":8},"end":{"line":74,"column":21}},"26":{"start":{"line":79,"column":0},"end":{"line":81,"column":1}}},"fnMap":{"0":{"name":"(anonymous_0)","decl":{"start":{"line":28,"column":24},"end":{"line":28,"column":25}},"loc":{"start":{"line":28,"column":44},"end":{"line":38,"column":1}},"line":28},"1":{"name":"(anonymous_1)","decl":{"start":{"line":42,"column":31},"end":{"line":42,"column":32}},"loc":{"start":{"line":42,"column":48},"end":{"line":47,"column":1}},"line":42},"2":{"name":"(anonymous_2)","decl":{"start":{"line":49,"column":22},"end":{"line":49,"column":23}},"loc":{"start":{"line":49,"column":70},"end":{"line":59,"column":1}},"line":49},"3":{"name":"(anonymous_3)","decl":{"start":{"line":60,"column":22},"end":{"line":60,"column":23}},"loc":{"start":{"line":60,"column":42},"end":{"line":77,"column":1}},"line":60}},"branchMap":{"0":{"loc":{"start":{"line":30,"column":4},"end":{"line":32,"column":5}},"type":"if","locations":[{"start":{"line":30,"column":4},"end":{"line":32,"column":5}},{"start":{},"end":{}}],"line":30},"1":{"loc":{"start":{"line":33,"column":4},"end":{"line":37,"column":5}},"type":"if","locations":[{"start":{"line":33,"column":4},"end":{"line":37,"column":5}},{"start":{"line":35,"column":9},"end":{"line":37,"column":5}}],"line":33},"2":{"loc":{"start":{"line":71,"column":4},"end":{"line":75,"column":5}},"type":"if","locations":[{"start":{"line":71,"column":4},"end":{"line":75,"column":5}},{"start":{"line":73,"column":9},"end":{"line":75,"column":5}}],"line":71}},"s":{"0":1,"1":1,"2":1,"3":1,"4":1,"5":0,"6":0,"7":0,"8":0,"9":0,"10":0,"11":1,"12":0,"13":0,"14":1,"15":0,"16":0
[...]
ine":36,"column":37}},"22":{"start":{"line":37,"column":8},"end":{"line":37,"column":15}},"23":{"start":{"line":39,"column":4},"end":{"line":47,"column":5}},"24":{"start":{"line":39,"column":18},"end":{"line":39,"column":19}},"25":{"start":{"line":40,"column":21},"end":{"line":40,"column":28}},"26":{"start":{"line":41,"column":27},"end":{"line":41,"column":51}},"27":{"start":{"line":42,"column":25},"end":{"line":42,"column":47}},"28":{"start":{"line":43,"column":8},"end":{"line":46,"column":9}},"29":{"start":{"line":44,"column":12},"end":{"line":44,"column":104}},"30":{"start":{"line":45,"column":12},"end":{"line":45,"column":18}},"31":{"start":{"line":48,"column":4},"end":{"line":48,"column":68}},"32":{"start":{"line":51,"column":20},"end":{"line":62,"column":1}},"33":{"start":{"line":52,"column":46},"end":{"line":52,"column":54}},"34":{"start":{"line":53,"column":23},"end":{"line":58,"column":5}},"35":{"start":{"line":59,"column":4},"end":{"line":61,"column":7}},"36":{"start":{"line":60,"column":8},"end":{"line":60,"column":36}},"37":{"start":{"line":64,"column":20},"end":{"line":79,"column":1}},"38":{"start":{"line":65,"column":34},"end":{"line":65,"column":42}},"39":{"start":{"line":66,"column":4},"end":{"line":66,"column":34}},"40":{"start":{"line":67,"column":21},"end":{"line":75,"column":5}},"41":{"start":{"line":76,"column":17},"end":{"line":76,"column":63}},"42":{"start":{"line":77,"column":4},"end":{"line":77,"column":21}},"43":{"start":{"line":78,"column":4},"end":{"line":78,"column":30}},"44":{"start":{"line":81,"column":27},"end":{"line":107,"column":1}},"45":{"start":{"line":82,"column":23},"end":{"line":82,"column":80}},"46":{"start":{"line":83,"column":16},"end":{"line":83,"column":26}},"47":{"start":{"line":84,"column":4},"end":{"line":84,"column":35}},"48":{"start":{"line":85,"column":21},"end":{"line":85,"column":31}},"49":{"start":{"line":86,"column":4},"end":{"line":86,"column":40}},"50":{"start":{"line":88,"column":19},"end":{"line":104,"column":15}},"51":{"start":{"line":105,"column":4},"end":{"line":105,"column":24}},"52":{"start":{"line":106,"column":4},"end":{"line":106,"column":17}},"53":{"start":{"line":109,"column":34},"end":{"line":119,"column":1}},"54":{"start":{"line":110,"column":23},"end":{"line":110,"column":80}},"55":{"start":{"line":111,"column":19},"end":{"line":117,"column":15}},"56":{"start":{"line":118,"column":4},"end":{"line":118,"column":18}},"57":{"start":{"line":120,"column":0},"end":{"line":126,"column":1}}},"fnMap":{"0":{"name":"(anonymous_0)","decl":{"start":{"line":3,"column":18},"end":{"line":3,"column":19}},"loc":{"start":{"line":3,"column":49},"end":{"line":11,"column":1}},"line":3},"1":{"name":"(anonymous_1)","decl":{"start":{"line":15,"column":19},"end":{"line":15,"column":20}},"loc":{"start":{"line":15,"column":29},"end":{"line":20,"column":1}},"line":15},"2":{"name":"(anonymous_2)","decl":{"start":{"line":22,"column":22},"end":{"line":22,"column":23}},"loc":{"start":{"line":22,"column":41},"end":{"line":49,"column":1}},"line":22},"3":{"name":"(anonymous_3)","decl":{"start":{"line":51,"column":20},"end":{"line":51,"column":21}},"loc":{"start":{"line":51,"column":33},"end":{"line":62,"column":1}},"line":51},"4":{"name":"(anonymous_4)","decl":{"start":{"line":59,"column":42},"end":{"line":59,"column":43}},"loc":{"start":{"line":59,"column":47},"end":{"line":61,"column":5}},"line":59},"5":{"name":"(anonymous_5)","decl":{"start":{"line":64,"column":20},"end":{"line":64,"column":21}},"loc":{"start":{"line":64,"column":39},"end":{"line":79,"column":1}},"line":64},"6":{"name":"(anonymous_6)","decl":{"start":{"line":81,"column":27},"end":{"line":81,"column":28}},"loc":{"start":{"line":81,"column":44},"end":{"line":107,"column":1}},"line":81},"7":{"name":"(anonymous_7)","decl":{"start":{"line":109,"column":34},"end":{"line":109,"column":35}},"loc":{"start":{"line":109,"column":50},"end":{"line":119,"column":1}},"line":109}},"branchMap":{"0":{"loc":{"start":{"line":4,"column":4},"end":{"line":6,"column":5}},"type":"if","locations":[{"start":{"line":4,"column":4},"end":{"line":6,"column":5}},{"start":{},"end":{}}],"line":4},"1":{"loc":{"start":{"line":7,"column":4},"end":{"line":9,"column":5}},"type":"if","locations":[{"start":{"line":7,"column":4},"end":{"line":9,"column":5}},{"start":{},"end":{}}],"line":7},"2":{"loc":{"start":{"line":35,"column":4},"end":{"line":38,"column":5}},"type":"if","locations":[{"start":{"line":35,"column":4},"end":{"line":38,"column":5}},{"start":{},"end":{}}],"line":35},"3":{"loc":{"start":{"line":43,"column":8},"end":{"line":46,"column":9}},"type":"if","locations":[{"start":{"line":43,"column":8},"end":{"line":46,"column":9}},{"start":{},"end":{}}],"line":43}},"s":{"0":1,"1":1,"2":0,"3":0,"4":0,"5":0,"6":0,"7":1,"8":0,"9":0,"10":0,"11":0,"12":1,"13":0,"14":0,"15":0,"16":0,"17":0,"18":0,"19":0,"20":0,"21":0,"22":0,"23":0,"24":0,"25":0,"26":0,"27":0,"28":0,"29":0,"30":0,"31":0,"32":1,"33":0,"34":0,"35":0,"36":0,"37":1,"38":0,"39":0,"40":0,"41":0,"42":0,"43":0,"44":1,"45":0,"46":0,"47":0,"48":0,"49":0,"50":0,"51":0,"52":0,"53":1,"54":0,"55":0,"56":0,"57":1},"f":{"0":0,"1":0,"2":0,"3":0,"4":0,"5":0,"6":0,"7":0},"b":{"0":[0,0],"1":[0,0],"2":[0,0],"3":[0,0]},"_coverageSchema":"1a1c01bbd47fc00a2c39e90264f33305004495a9","hash":"b15c293abcfd2d458a93b6530c4cb1d58b8584e3"}
,"E:\\studyRoom\\router\\api\\UserInfo.js": {"path":"E:\\studyRoom\\router\\api\\UserInfo.js","statementMap":{"0":{"start":{"line":1,"column":36},"end":{"line":1,"column":74}},"1":{"start":{"line":2,"column":20},"end":{"line":2,"column":55}},"2":{"start":{"line":3,"column":30},"end":{"line":3,"column":76}},"3":{"start":{"line":4,"column":23},"end":{"line":4,"column":80}},"4":{"start":{"line":6,"column":20},"end":{"line":11,"column":1}},"5":{"start":{"line":7,"column":19},"end":{"line":9,"column":16}},"6":{"start":{"line":10,"column":4},"end":{"line":10,"column":21}},"7":{"start":{"line":13,"column":23},"end":{"line":20,"column":1}},"8":{"start":{"line":14,"column":4},"end":{"line":14,"column":77}},"9":{"start":{"line":15,"column":19},"end":{"line":15,"column":69}},"10":{"start":{"line":16,"column":4},"end":{"line":18,"column":5}},"11":{"start":{"line":17,"column":8},"end":{"line":17,"column":51}},"12":{"start":{"line":19,"column":4},"end":{"line":19,"column":54}},"13":{"start":{"line":22,"column":27},"end":{"line":30,"column":1}},"14":{"start":{"line":23,"column":4},"end":{"line":23,"column":50}},"15":{"start":{"line":24,"column":19},"end":{"line":24,"column":69}},"16":{"start":{"line":25,"column":4},"end":{"line":29,"column":5}},"17":{"start":{"line":26,"column":8},"end":{"line":26,"column":72}},"18":{"start":{"line":28,"column":8},"end":{"line":28,"column":74}},"19":{"start":{"line":32,"column":0},"end":{"line":36,"column":1}}},"fnMap":{"0":{"name":"(anonymous_0)","decl":{"start":{"line":6,"column":20},"end":{"line":6,"column":21}},"loc":{"start":{"line":6,"column":37},"end":{"line":11,"column":1}},"line":6},"1":{"name":"(anonymous_1)","decl":{"start":{"line":13,"column":23},"end":{"line":13,"column":24}},"loc":{"start":{"line":13,"column":49},"end":{"line":20,"column":1}},"line":13},"2":{"name":"(anonymous_2)","decl":{"start":{"line":22,"column":27},"end":{"line":22,"column":28}},"loc":{"start":{"line":22,"column":44},"end":{"line":30,"column":1}},"line":22}},"branchMap":{"0":{"loc":{"start":{"line":16,"column":4},"end":{"line":18,"column":5}},"type":"if","locations":[{"start":{"line":16,"column":4},"end":{"line":18,"column":5}},{"start":{},"end":{}}],"line":16},"1":{"loc":{"start":{"line":25,"column":4},"end":{"line":29,"column":5}},"type":"if","locations":[{"start":{"line":25,"column":4},"end":{"line":29,"column":5}},{"start":{"line":27,"column":9},"end":{"line":29,"column":5}}],"line":25}},"s":{"0":1,"1":1,"2":1,"3":1,"4":1,"5":0,"6":0,"7":1,"8":0,"9":0,"10":0,"11":0,"12":0,"13":1,"14":0,"15":0,"16":0,"17":0,"18":0,"19":1},"f":{"0":0,"1":0,"2":0},"b":{"0":[0,0],"1":[0,0]},"_coverageSchema":"1a1c01bbd47fc00a2c39e90264f33305004495a9","hash":"cd44c48c9d75b6ccb3aa71734344c2fd42d960eb"}
,"E:\\studyRoom\\router\\interceptor\\SeatInterceptor.js": {"path":"E:\\studyRoom\\router\\interceptor\\SeatInterceptor.js","statementMap":{"0":{"start":{"line":1,"column":29},"end":{"line":1,"column":60}},"1":{"start":{"line":2,"column":40},"end":{"line":2,"column":68}},"2":{"start":{"line":3,"column":25},"end":{"line":23,"column":1}},"3":{"start":{"line":4,"column":28},"end":{"line":4,"column":54}},"4":{"start":{"line":5,"column":24},"end":{"line":5,"column":41}},"5":{"start":{"line":6,"column":19},"end":{"line":8,"column":16}},"6":{"start":{"line":9,"column":4},"end":{"line":21,"column":5}},"7":{"start":{"line":10,"column":8},"end":{"line":20,"column":9}},"8":{"start":{"line":10,"column":20},"end":{"line":10,"column":21}},"9":{"start":{"line":11,"column":12},"end":{"line":19,"column":13}},"10":{"start":{"line":12,"column":16},"end":{"line":18,"column":18}},"11":{"start":{"line":22,"column":4},"end":{"line":22,"column":10}},"12":{"start":{"line":25,"column":24},"end":{"line":28,"column":1}},"13":{"start":{"line":26,"column":4},"end":{"line":26,"column":34}},"14":{"start":{"line":27,"column":4},"end":{"line":27,"column":10}},"15":{"start":{"line":30,"column":0},"end":{"line":33,"column":1}}},"fnMap":{"0":{"name":"(anonymous_0)","decl":{"start":{"line":3,"column":25},"end":{"line":3,"column":26}},"loc":{"start":{"line":3,"column":49},"end":{"line":23,"column":1}},"line":3},"1":{"name":"(anonymous_1)","decl":{"start":{"line":25,"column":24},"end":{"line":25,"column":25}},"loc":{"start":{"line":25,"column":42},"end":{"line":28,"column":1}},"line":25}},"branchMap":{"0":{"loc":{"start":{"line":9,"column":4},"end":{"line":21,"column":5}},"type":"if","locations":[{"start":{"line":9,"column":4},"end":{"line":21,"column":5}},{"start":{},"end":{}}],"line":9},"1":{"loc":{"start":{"line":11,"column":12},"end":{"line":19,"column":13}},"type":"if","locations":[{"start":{"line":11,"column":12},"end":{"line":19,"column":13}},{"start":{},"end":{}}],"line":11}},"s":{"0":1,"1":1,"2":1,"3":1,"4":1,"5":1,"6":1,"7":1,"8":1,"9":2,"10":1,"11":1,"12":1,"13":1,"14":1,"15":1},"f":{"0":1,"1":1},"b":{"0":[1,0],"1":[1,1]},"_coverageSchema":"1a1c01bbd47fc00a2c39e90264f33305004495a9","hash":"736e7a39abd61b788879bd275d571caa95fb8127"}
,"E:\\studyRoom\\sessionStore\\checkBySessionID.js": {"path":"E:\\studyRoom\\sessionStore\\checkBySessionID.js","statementMap":{"0":{"start":{"line":1,"column":19},"end":{"line":1,"column":75}},"1":{"start":{"line":3,"column":28},"end":{"line":11,"column":1}},"2":{"start":{"line":4,"column":19},"end":{"line":9,"column":16}},"3":{"start":{"line":10,"column":4},"end":{"line":10,"column":28}},"4":{"start":{"line":13,"column":27},"end":{"line":19,"column":1}},"5":{"start":{"line":14,"column":19},"end":{"line":17,"column":16}},"6":{"start":{"line":18,"column":4},"end":{"line":18,"column":29}},"7":{"start":{"line":21,"column":26},"end":{"line":27,"column":1}},"8":{"start":{"line":22,"column":19},"end":{"line":25,"column":16}},"9":{"start":{"line":26,"column":4},"end":{"line":26,"column":27}},"10":{"start":{"line":29,"column":28},"end":{"line":34,"column":1}},"11":{"start":{"line":30,"column":19},"end":{"line":30,"column":87}},"12":{"start":{"line":31,"column":4},"end":{"line":32,"column":20}},"13":{"start":{"line":32,"column":8},"end":{"line":32,"column":20}},"14":{"start":{"line":33,"column":4},"end":{"line":33,"column":17}},"15":{"start":{"line":36,"column":31},"end":{"line":39,"column":1}},"16":{"start":{"line":37,"column":19},"end":{"line":37,"column":80}},"17":{"start":{"line":38,"column":4},"end":{"line":38,"column":30}},"18":{"start":{"line":41,"column":21},"end":{"line":44,"column":1}},"19":{"start":{"line":42,"column":4},"end":{"line":42,"column":80}},"20":{"start":{"line":43,"column":4},"end":{"line":43,"column":16}},"21":{"start":{"line":46,"column":31},"end":{"line":63,"column":1}},"22":{"start":{"line":47,"column":4},"end":{"line":49,"column":5}},"23":{"start":{"line":48,"column":8},"end":{"line":48,"column":20}},"24":{"start":{"line":50,"column":22},"end":{"line":50,"column":61}},"25":{"start":{"line":51,"column":20},"end":{"line":51,"column":39}},"26":{"start":{"line":52,"column":4},"end":{"line":52,"column":44}},"27":{"start":{"line":53,"column":23},"end":{"line":59,"column":5}},"28":{"start":{"line":60,"column":4},"end":{"line":60,"column":43}},"29":{"start":{"line":61,"column":4},"end":{"line":61,"column":47}},"30":{"start":{"line":65,"column":0},"end":{"line":73,"column":1}}},"fnMap":{"0":{"name":"(anonymous_0)","decl":{"start":{"line":3,"column":28},"end":{"line":3,"column":29}},"loc":{"start":{"line":3,"column":45},"end":{"line":11,"column":1}},"line":3},"1":{"name":"(anonymous_1)","decl":{"start":{"line":13,"column":27},"end":{"line":13,"column":28}},"loc":{"start":{"line":13,"column":48},"end":{"line":19,"column":1}},"line":13},"2":{"name":"(anonymous_2)","decl":{"start":{"line":21,"column":26},"end":{"line":21,"column":27}},"loc":{"start":{"line":21,"column":47},"end":{"line":27,"column":1}},"line":21},"3":{"name":"(anonymous_3)","decl":{"start":{"line":29,"column":28},"end":{"line":29,"column":29}},"loc":{"start":{"line":29,"column":49},"end":{"line":34,"column":1}},"line":29},"4":{"name":"(anonymous_4)","decl":{"start":{"line":36,"column":31},"end":{"line":36,"column":32}},"loc":{"start":{"line":36,"column":48},"end":{"line":39,"column":1}},"line":36},"5":{"name":"(anonymous_5)","decl":{"start":{"line":41,"column":21},"end":{"line":41,"column":22}},"loc":{"start":{"line":41,"column":42},"end":{"line":44,"column":1}},"line":41},"6":{"name":"(anonymous_6)","decl":{"start":{"line":46,"column":31},"end":{"line":46,"column":32}},"loc":{"start":{"line":46,"column":58},"end":{"line":63,"column":1}},"line":46}},"branchMap":{"0":{"loc":{"start":{"line":31,"column":4},"end":{"line":32,"column":20}},"type":"if","locations":[{"start":{"line":31,"column":4},"end":{"line":32,"column":20}},{"start":{},"end":{}}],"line":31},"1":{"loc":{"start":{"line":47,"column":4},"end":{"line":49,"column":5}},"type":"if","locations":[{"start":{"line":47,"column":4},"end":{"line":49,"column":5}},{"start":{},"end":{}}],"line":47}},"s":{"0":1,"1":1,"2":0,"3":0,"4":1,"5":0,"6":0,"7":1,"8":0,"9":0,"10":1,"11":0,"12":0,"13":0,"14":0,"15":1,"16":0,"17":0,"18":1,"19":0,"20":0,"21":1,"22":0,"23":0,"24":0,"25":0,"26":0,"27":0,"28":0,"29":0,"30":1},"f":{"0":0,"1":0,"2":0,"3":0,"4":0,"5":0,"6":0},"b":{"0":[0,0],"1":[0,0]},"_coverageSchema":"1a1c01bbd47fc00a2c39e90264f33305004495a9","hash":"e534581d96d684630b2b40cb9ace2a19329013f1"}
,"E:\\studyRoom\\sessionStore\\index.js": {"path":"E:\\studyRoom\\sessionStore\\index.js","statementMap":{"0":{"start":{"line":1,"column":19},"end":{"line":1,"column":75}},"1":{"start":{"line":3,"column":26},"end":{"line":5,"column":1}},"2":{"start":{"line":4,"column":4},"end":{"line":4,"column":51}},"3":{"start":{"line":7,"column":22},"end":{"line":10,"column":1}},"4":{"start":{"line":8,"column":16},"end":{"line":8,"column":69}},"5":{"start":{"line":9,"column":4},"end":{"line":9,"column":26}},"6":{"start":{"line":12,"column":19},"end":{"line":22,"column":1}},"7":{"start":{"line":13,"column":16},"end":{"line":15,"column":15}},"8":{"start":{"line":17,"column":4},"end":{"line":21,"column":5}},"9":{"start":{"line":18,"column":8},"end":{"line":18,"column":16}},"10":{"start":{"line":20,"column":8},"end":{"line":20,"column":21}},"11":{"start":{"line":24,"column":18},"end":{"line":45,"column":1}},"12":{"start":{"line":26,"column":16},"end":{"line":29,"column":16}},"13":{"start":{"line":30,"column":4},"end":{"line":44,"column":5}},"14":{"start":{"line":32,"column":8},"end":{"line":34,"column":9}},"15":{"start":{"line":33,"column":12},"end":{"line":33,"column":58}},"16":{"start":{"line":37,"column":8},"end":{"line":39,"column":9}},"17":{"start":{"line":38,"column":12},"end":{"line":38,"column":56}},"18":{"start":{"line":41,"column":8},"end":{"line":41,"column":30}},"19":{"start":{"line":43,"column":8},"end":{"line":43,"column":24}},"20":{"start":{"line":47,"column":21},"end":{"line":49,"column":1}},"21":{"start":{"line":48,"column":4},"end":{"line":48,"column":39}},"22":{"start":{"line":51,"column":29},"end":{"line":56,"column":1}},"23":{"start":{"line":52,"column":4},"end":{"line":54,"column":5}},"24":{"start":{"line":53,"column":8},"end":{"line":53,"column":51}},"25":{"start":{"line":55,"column":4},"end":{"line":55,"column":52}},"26":{"start":{"line":58,"column":27},"end":{"line":61,"column":1}},"27":{"start":{"line":59,"column":19},"end":{"line":59,"column":78}},"28":{"start":{"line":60,"column":4},"end":{"line":60,"column":30}},"29":{"start":{"line":63,"column":21},"end":{"line":69,"column":1}},"30":{"start":{"line":65,"column":19},"end":{"line":65,"column":77}},"31":{"start":{"line":66,"column":4},"end":{"line":67,"column":43}},"32":{"start":{"line":67,"column":8},"end":{"line":67,"column":43}},"33":{"start":{"line":68,"column":4},"end":{"line":68,"column":30}},"34":{"start":{"line":72,"column":0},"end":{"line":80,"column":1}}},"fnMap":{"0":{"name":"(anonymous_0)","decl":{"start":{"line":3,"column":26},"end":{"line":3,"column":27}},"loc":{"start":{"line":3,"column":32},"end":{"line":5,"column":1}},"line":3},"1":{"name":"(anonymous_1)","decl":{"start":{"line":7,"column":22},"end":{"line":7,"column":23}},"loc":{"start":{"line":7,"column":43},"end":{"line":10,"column":1}},"line":7},"2":{"name":"(anonymous_2)","decl":{"start":{"line":12,"column":19},"end":{"line":12,"column":20}},"loc":{"start":{"line":12,"column":38},"end":{"line":22,"column":1}},"line":12},"3":{"name":"(anonymous_3)","decl":{"start":{"line":24,"column":18},"end":{"line":24,"column":19}},"loc":{"start":{"line":24,"column":39},"end":{"line":45,"column":1}},"line":24},"4":{"name":"(anonymous_4)","decl":{"start":{"line":47,"column":21},"end":{"line":47,"column":22}},"loc":{"start":{"line":47,"column":40},"end":{"line":49,"column":1}},"line":47},"5":{"name":"(anonymous_5)","decl":{"start":{"line":51,"column":29},"end":{"line":51,"column":30}},"loc":{"start":{"line":51,"column":51},"end":{"line":56,"column":1}},"line":51},"6":{"name":"(anonymous_6)","decl":{"start":{"line":58,"column":27},"end":{"line":58,"column":28}},"loc":{"start":{"line":58,"column":44},"end":{"line":61,"column":1}},"line":58},"7":{"name":"(anonymous_7)","decl":{"start":{"line":63,"column":21},"end":{"line":63,"column":22}},"loc":{"start":{"line":63,"column":38},"end":{"line":69,"column":1}},"line":63}},"branchMap":{"0":{"loc":{"start":{"line":17,"column":4},"end":{"line":21,"column":5}},"type":"if","locations":[{"start":{"line":17,"column":4},"end":{"line":21,"column":5}},{"start":{"line":19,"column":11},"end":{"line":21,"column":5}}],"line":17},"1":{"loc":{"start":{"line":32,"column":8},"end":{"line":34,"column":9}},"type":"if","locations":[{"start":{"line":32,"column":8},"end":{"line":34,"column":9}},{"start":{},"end":{}}],"line":32},"2":{"loc":{"start":{"line":37,"column":8},"end":{"line":39,"column":9}},"type":"if","locations":[{"start":{"line":37,"column":8},"end":{"line":39,"column":9}},{"start":{},"end":{}}],"line":37},"3":{"loc":{"start":{"line":52,"column":4},"end":{"line":54,"column":5}},"type":"if","locations":[{"start":{"line":52,"column":4},"end":{"line":54,"column":5}},{"start":{},"end":{}}],"line":52},"4":{"loc":{"start":{"line":66,"column":4},"end":{"line":67,"column":43}},"type":"if","locations":[{"start":{"line":66,"column":4},"end":{"line":67,"column":43}},{"start":{},"end":{}}],"line":66}},"s":{"0":1,"1":1,"2":0,"3":1,"4":0,"5":0,"6":1,"7":0,"8":0,"9":0,"10":0,"11":1,"12":0,"13":0,"14":0,"15":0,"16":0,"17":0,"18":0,"19":0,"20":1,"21":0,"22":1,"23":0,"24":0,"25":0,"26":1,"27":0,"28":0,"29":1,"30":0,"31":0,"32":0,"33":0,"34":1},"f":{"0":0,"1":0,"2":0,"3":0,"4":0,"5":0,"6":0,"7":0},"b":{"0":[0,0],"1":[0,0],"2":[0,0],"3":[0,0],"4":[0,0]},"_coverageSchema":"1a1c01bbd47fc00a2c39e90264f33305004495a9","hash":"f8278e0295898f5af4462bfaa7fa1b759e0f4a29"}
}
